{"/workspace/src/gitService.ts": {"path":"/workspace/src/gitService.ts","all":false,"statementMap":{"0":{"start":{"line":1,"column":0},"end":{"line":1,"column":41}},"3":{"start":{"line":4,"column":0},"end":{"line":4,"column":26}},"4":{"start":{"line":5,"column":0},"end":{"line":5,"column":36}},"6":{"start":{"line":7,"column":0},"end":{"line":7,"column":61}},"7":{"start":{"line":8,"column":0},"end":{"line":8,"column":45}},"8":{"start":{"line":9,"column":0},"end":{"line":9,"column":88}},"9":{"start":{"line":10,"column":0},"end":{"line":10,"column":22}},"10":{"start":{"line":11,"column":0},"end":{"line":11,"column":57}},"11":{"start":{"line":12,"column":0},"end":{"line":12,"column":20}},"12":{"start":{"line":13,"column":0},"end":{"line":13,"column":32}},"13":{"start":{"line":14,"column":0},"end":{"line":14,"column":13}},"14":{"start":{"line":15,"column":0},"end":{"line":15,"column":11}},"15":{"start":{"line":16,"column":0},"end":{"line":16,"column":7}},"16":{"start":{"line":17,"column":0},"end":{"line":17,"column":1}},"18":{"start":{"line":19,"column":0},"end":{"line":19,"column":92}},"19":{"start":{"line":20,"column":0},"end":{"line":20,"column":78}},"20":{"start":{"line":21,"column":0},"end":{"line":21,"column":54}},"21":{"start":{"line":22,"column":0},"end":{"line":22,"column":28}},"22":{"start":{"line":23,"column":0},"end":{"line":23,"column":39}},"23":{"start":{"line":24,"column":0},"end":{"line":24,"column":36}},"24":{"start":{"line":25,"column":0},"end":{"line":25,"column":71}},"25":{"start":{"line":26,"column":0},"end":{"line":26,"column":82}},"26":{"start":{"line":27,"column":0},"end":{"line":27,"column":16}},"27":{"start":{"line":28,"column":0},"end":{"line":28,"column":60}},"28":{"start":{"line":29,"column":0},"end":{"line":29,"column":9}},"29":{"start":{"line":30,"column":0},"end":{"line":30,"column":5}},"31":{"start":{"line":32,"column":0},"end":{"line":32,"column":35}},"32":{"start":{"line":33,"column":0},"end":{"line":33,"column":55}},"33":{"start":{"line":34,"column":0},"end":{"line":34,"column":28}},"34":{"start":{"line":35,"column":0},"end":{"line":35,"column":39}},"35":{"start":{"line":36,"column":0},"end":{"line":36,"column":72}},"36":{"start":{"line":37,"column":0},"end":{"line":37,"column":72}},"37":{"start":{"line":38,"column":0},"end":{"line":38,"column":64}},"40":{"start":{"line":41,"column":0},"end":{"line":41,"column":73}},"41":{"start":{"line":42,"column":0},"end":{"line":42,"column":26}},"42":{"start":{"line":43,"column":0},"end":{"line":43,"column":62}},"43":{"start":{"line":44,"column":0},"end":{"line":44,"column":49}},"44":{"start":{"line":45,"column":0},"end":{"line":45,"column":9}},"46":{"start":{"line":47,"column":0},"end":{"line":47,"column":64}},"47":{"start":{"line":48,"column":0},"end":{"line":48,"column":20}},"48":{"start":{"line":49,"column":0},"end":{"line":49,"column":27}},"49":{"start":{"line":50,"column":0},"end":{"line":50,"column":34}},"50":{"start":{"line":51,"column":0},"end":{"line":51,"column":32}},"51":{"start":{"line":52,"column":0},"end":{"line":52,"column":22}},"52":{"start":{"line":53,"column":0},"end":{"line":53,"column":22}},"53":{"start":{"line":54,"column":0},"end":{"line":54,"column":11}},"54":{"start":{"line":55,"column":0},"end":{"line":55,"column":5}},"55":{"start":{"line":56,"column":0},"end":{"line":56,"column":17}},"56":{"start":{"line":57,"column":0},"end":{"line":57,"column":1}},"58":{"start":{"line":59,"column":0},"end":{"line":59,"column":55}},"59":{"start":{"line":60,"column":0},"end":{"line":60,"column":22}},"60":{"start":{"line":61,"column":0},"end":{"line":61,"column":18}},"61":{"start":{"line":62,"column":0},"end":{"line":62,"column":5}},"62":{"start":{"line":63,"column":0},"end":{"line":63,"column":47}},"63":{"start":{"line":64,"column":0},"end":{"line":64,"column":45}},"64":{"start":{"line":65,"column":0},"end":{"line":65,"column":16}},"65":{"start":{"line":66,"column":0},"end":{"line":66,"column":27}},"66":{"start":{"line":67,"column":0},"end":{"line":67,"column":32}},"67":{"start":{"line":68,"column":0},"end":{"line":68,"column":30}},"68":{"start":{"line":69,"column":0},"end":{"line":69,"column":33}},"69":{"start":{"line":70,"column":0},"end":{"line":70,"column":33}},"70":{"start":{"line":71,"column":0},"end":{"line":71,"column":33}},"71":{"start":{"line":72,"column":0},"end":{"line":72,"column":10}},"72":{"start":{"line":73,"column":0},"end":{"line":73,"column":7}},"73":{"start":{"line":74,"column":0},"end":{"line":74,"column":1}},"75":{"start":{"line":76,"column":0},"end":{"line":76,"column":62}},"76":{"start":{"line":77,"column":0},"end":{"line":77,"column":31}},"77":{"start":{"line":78,"column":0},"end":{"line":78,"column":24}},"78":{"start":{"line":79,"column":0},"end":{"line":79,"column":33}},"79":{"start":{"line":80,"column":0},"end":{"line":80,"column":50}},"80":{"start":{"line":81,"column":0},"end":{"line":81,"column":48}},"81":{"start":{"line":82,"column":0},"end":{"line":82,"column":49}},"82":{"start":{"line":83,"column":0},"end":{"line":83,"column":5}},"83":{"start":{"line":84,"column":0},"end":{"line":84,"column":33}},"84":{"start":{"line":85,"column":0},"end":{"line":85,"column":12}},"85":{"start":{"line":86,"column":0},"end":{"line":86,"column":23}},"86":{"start":{"line":87,"column":0},"end":{"line":87,"column":28}},"87":{"start":{"line":88,"column":0},"end":{"line":88,"column":29}},"88":{"start":{"line":89,"column":0},"end":{"line":89,"column":30}},"89":{"start":{"line":90,"column":0},"end":{"line":90,"column":29}},"90":{"start":{"line":91,"column":0},"end":{"line":91,"column":23}},"91":{"start":{"line":92,"column":0},"end":{"line":92,"column":6}},"92":{"start":{"line":93,"column":0},"end":{"line":93,"column":1}},"94":{"start":{"line":95,"column":0},"end":{"line":95,"column":67}},"95":{"start":{"line":96,"column":0},"end":{"line":96,"column":37}},"96":{"start":{"line":97,"column":0},"end":{"line":97,"column":40}},"97":{"start":{"line":98,"column":0},"end":{"line":98,"column":24}},"98":{"start":{"line":99,"column":0},"end":{"line":99,"column":27}},"99":{"start":{"line":100,"column":0},"end":{"line":100,"column":32}},"100":{"start":{"line":101,"column":0},"end":{"line":101,"column":29}},"101":{"start":{"line":102,"column":0},"end":{"line":102,"column":25}},"102":{"start":{"line":103,"column":0},"end":{"line":103,"column":28}},"103":{"start":{"line":104,"column":0},"end":{"line":104,"column":26}},"105":{"start":{"line":106,"column":0},"end":{"line":106,"column":31}},"106":{"start":{"line":107,"column":0},"end":{"line":107,"column":42}},"107":{"start":{"line":108,"column":0},"end":{"line":108,"column":42}},"108":{"start":{"line":109,"column":0},"end":{"line":109,"column":34}},"109":{"start":{"line":110,"column":0},"end":{"line":110,"column":51}},"110":{"start":{"line":111,"column":0},"end":{"line":111,"column":48}},"111":{"start":{"line":112,"column":0},"end":{"line":112,"column":46}},"112":{"start":{"line":113,"column":0},"end":{"line":113,"column":53}},"113":{"start":{"line":114,"column":0},"end":{"line":114,"column":73}},"114":{"start":{"line":115,"column":0},"end":{"line":115,"column":53}},"115":{"start":{"line":116,"column":0},"end":{"line":116,"column":64}},"116":{"start":{"line":117,"column":0},"end":{"line":117,"column":77}},"117":{"start":{"line":118,"column":0},"end":{"line":118,"column":49}},"118":{"start":{"line":119,"column":0},"end":{"line":119,"column":47}},"119":{"start":{"line":120,"column":0},"end":{"line":120,"column":43}},"120":{"start":{"line":121,"column":0},"end":{"line":121,"column":26}},"121":{"start":{"line":122,"column":0},"end":{"line":122,"column":32}},"122":{"start":{"line":123,"column":0},"end":{"line":123,"column":53}},"123":{"start":{"line":124,"column":0},"end":{"line":124,"column":38}},"124":{"start":{"line":125,"column":0},"end":{"line":125,"column":48}},"125":{"start":{"line":126,"column":0},"end":{"line":126,"column":44}},"126":{"start":{"line":127,"column":0},"end":{"line":127,"column":34}},"127":{"start":{"line":128,"column":0},"end":{"line":128,"column":40}},"128":{"start":{"line":129,"column":0},"end":{"line":129,"column":38}},"129":{"start":{"line":130,"column":0},"end":{"line":130,"column":43}},"130":{"start":{"line":131,"column":0},"end":{"line":131,"column":15}},"131":{"start":{"line":132,"column":0},"end":{"line":132,"column":9}},"132":{"start":{"line":133,"column":0},"end":{"line":133,"column":5}},"133":{"start":{"line":134,"column":0},"end":{"line":134,"column":19}},"134":{"start":{"line":135,"column":0},"end":{"line":135,"column":1}},"136":{"start":{"line":137,"column":0},"end":{"line":137,"column":25}},"137":{"start":{"line":138,"column":0},"end":{"line":138,"column":56}},"138":{"start":{"line":139,"column":0},"end":{"line":139,"column":73}},"139":{"start":{"line":140,"column":0},"end":{"line":140,"column":26}},"140":{"start":{"line":141,"column":0},"end":{"line":141,"column":5}},"142":{"start":{"line":143,"column":0},"end":{"line":143,"column":70}},"143":{"start":{"line":144,"column":0},"end":{"line":144,"column":72}},"144":{"start":{"line":145,"column":0},"end":{"line":145,"column":26}},"145":{"start":{"line":146,"column":0},"end":{"line":146,"column":5}},"147":{"start":{"line":148,"column":0},"end":{"line":148,"column":106}},"148":{"start":{"line":149,"column":0},"end":{"line":149,"column":28}},"149":{"start":{"line":150,"column":0},"end":{"line":150,"column":78}},"150":{"start":{"line":151,"column":0},"end":{"line":151,"column":47}},"151":{"start":{"line":152,"column":0},"end":{"line":152,"column":62}},"152":{"start":{"line":153,"column":0},"end":{"line":153,"column":53}},"153":{"start":{"line":154,"column":0},"end":{"line":154,"column":5}},"155":{"start":{"line":156,"column":0},"end":{"line":156,"column":137}},"156":{"start":{"line":157,"column":0},"end":{"line":157,"column":105}},"157":{"start":{"line":158,"column":0},"end":{"line":158,"column":102}},"158":{"start":{"line":159,"column":0},"end":{"line":159,"column":49}},"159":{"start":{"line":160,"column":0},"end":{"line":160,"column":51}},"160":{"start":{"line":161,"column":0},"end":{"line":161,"column":36}},"161":{"start":{"line":162,"column":0},"end":{"line":162,"column":47}},"162":{"start":{"line":163,"column":0},"end":{"line":163,"column":35}},"163":{"start":{"line":164,"column":0},"end":{"line":164,"column":5}},"165":{"start":{"line":166,"column":0},"end":{"line":166,"column":81}},"166":{"start":{"line":167,"column":0},"end":{"line":167,"column":106}},"167":{"start":{"line":168,"column":0},"end":{"line":168,"column":71}},"168":{"start":{"line":169,"column":0},"end":{"line":169,"column":47}},"169":{"start":{"line":170,"column":0},"end":{"line":170,"column":38}},"170":{"start":{"line":171,"column":0},"end":{"line":171,"column":5}},"172":{"start":{"line":173,"column":0},"end":{"line":173,"column":80}},"173":{"start":{"line":174,"column":0},"end":{"line":174,"column":91}},"174":{"start":{"line":175,"column":0},"end":{"line":175,"column":70}},"176":{"start":{"line":177,"column":0},"end":{"line":177,"column":34}},"177":{"start":{"line":178,"column":0},"end":{"line":178,"column":63}},"178":{"start":{"line":179,"column":0},"end":{"line":179,"column":108}},"179":{"start":{"line":180,"column":0},"end":{"line":180,"column":104}},"180":{"start":{"line":181,"column":0},"end":{"line":181,"column":15}},"181":{"start":{"line":182,"column":0},"end":{"line":182,"column":64}},"182":{"start":{"line":183,"column":0},"end":{"line":183,"column":9}},"184":{"start":{"line":185,"column":0},"end":{"line":185,"column":42}},"185":{"start":{"line":186,"column":0},"end":{"line":186,"column":50}},"186":{"start":{"line":187,"column":0},"end":{"line":187,"column":38}},"187":{"start":{"line":188,"column":0},"end":{"line":188,"column":63}},"188":{"start":{"line":189,"column":0},"end":{"line":189,"column":106}},"189":{"start":{"line":190,"column":0},"end":{"line":190,"column":102}},"190":{"start":{"line":191,"column":0},"end":{"line":191,"column":15}},"191":{"start":{"line":192,"column":0},"end":{"line":192,"column":71}},"192":{"start":{"line":193,"column":0},"end":{"line":193,"column":55}},"193":{"start":{"line":194,"column":0},"end":{"line":194,"column":36}},"194":{"start":{"line":195,"column":0},"end":{"line":195,"column":76}},"195":{"start":{"line":196,"column":0},"end":{"line":196,"column":33}},"196":{"start":{"line":197,"column":0},"end":{"line":197,"column":13}},"197":{"start":{"line":198,"column":0},"end":{"line":198,"column":9}},"198":{"start":{"line":199,"column":0},"end":{"line":199,"column":24}},"199":{"start":{"line":200,"column":0},"end":{"line":200,"column":5}},"201":{"start":{"line":202,"column":0},"end":{"line":202,"column":95}},"202":{"start":{"line":203,"column":0},"end":{"line":203,"column":13}},"203":{"start":{"line":204,"column":0},"end":{"line":204,"column":72}},"204":{"start":{"line":205,"column":0},"end":{"line":205,"column":30}},"205":{"start":{"line":206,"column":0},"end":{"line":206,"column":67}},"206":{"start":{"line":207,"column":0},"end":{"line":207,"column":107}},"207":{"start":{"line":208,"column":0},"end":{"line":208,"column":26}},"208":{"start":{"line":209,"column":0},"end":{"line":209,"column":13}},"209":{"start":{"line":210,"column":0},"end":{"line":210,"column":20}},"210":{"start":{"line":211,"column":0},"end":{"line":211,"column":9}},"211":{"start":{"line":212,"column":0},"end":{"line":212,"column":5}},"213":{"start":{"line":214,"column":0},"end":{"line":214,"column":95}},"214":{"start":{"line":215,"column":0},"end":{"line":215,"column":59}},"215":{"start":{"line":216,"column":0},"end":{"line":216,"column":72}},"216":{"start":{"line":217,"column":0},"end":{"line":217,"column":68}},"217":{"start":{"line":218,"column":0},"end":{"line":218,"column":11}},"218":{"start":{"line":219,"column":0},"end":{"line":219,"column":60}},"219":{"start":{"line":220,"column":0},"end":{"line":220,"column":5}},"221":{"start":{"line":222,"column":0},"end":{"line":222,"column":86}},"222":{"start":{"line":223,"column":0},"end":{"line":223,"column":77}},"223":{"start":{"line":224,"column":0},"end":{"line":224,"column":5}},"225":{"start":{"line":226,"column":0},"end":{"line":226,"column":102}},"226":{"start":{"line":227,"column":0},"end":{"line":227,"column":68}},"227":{"start":{"line":228,"column":0},"end":{"line":228,"column":40}},"228":{"start":{"line":229,"column":0},"end":{"line":229,"column":5}},"229":{"start":{"line":230,"column":0},"end":{"line":230,"column":1}}},"s":{"0":1,"3":1,"4":1,"6":105,"7":105,"8":105,"9":105,"10":8,"11":105,"12":97,"13":97,"14":105,"15":105,"16":105,"18":1,"19":25,"20":25,"21":232,"22":227,"23":227,"24":232,"25":3,"26":232,"27":224,"28":224,"29":232,"31":25,"32":25,"33":232,"34":227,"35":232,"36":232,"37":232,"40":232,"41":232,"42":1,"43":1,"44":1,"46":232,"47":232,"48":232,"49":232,"50":232,"51":232,"52":232,"53":232,"54":232,"55":25,"56":25,"58":1,"59":28,"60":3,"61":3,"62":25,"63":1921,"64":1921,"65":1921,"66":1921,"67":1921,"68":1921,"69":1921,"70":1921,"71":1921,"72":25,"73":25,"75":1,"76":12,"77":12,"78":12,"79":60,"80":60,"81":60,"82":60,"83":12,"84":12,"85":12,"86":12,"87":12,"88":12,"89":12,"90":12,"91":12,"92":12,"94":1,"95":7,"96":7,"97":7,"98":7,"99":7,"100":7,"101":7,"102":7,"103":7,"105":7,"106":561,"107":147,"108":147,"109":147,"110":561,"111":25,"112":414,"113":25,"114":389,"115":25,"116":25,"117":364,"118":25,"119":339,"120":147,"121":147,"122":147,"123":147,"124":147,"125":147,"126":147,"127":147,"128":147,"129":147,"130":147,"131":147,"132":561,"133":7,"134":7,"136":1,"137":1,"138":3,"139":2,"140":3,"142":1,"143":6,"144":5,"145":6,"147":1,"148":2,"149":2,"150":2,"151":2,"152":2,"153":2,"155":1,"156":23,"157":23,"158":23,"159":23,"160":23,"161":23,"162":23,"163":23,"165":1,"166":10,"167":10,"168":10,"169":9,"170":10,"172":1,"173":13,"174":13,"176":13,"177":10,"178":10,"179":10,"180":10,"181":9,"182":9,"184":3,"185":11,"186":6,"187":6,"188":6,"189":6,"190":6,"191":6,"192":6,"193":6,"194":60,"195":60,"196":60,"197":6,"198":3,"199":13,"201":1,"202":4,"203":4,"204":4,"205":2,"206":2,"207":2,"208":2,"209":0,"210":0,"211":4,"213":1,"214":4,"215":4,"216":4,"217":4,"218":4,"219":4,"221":1,"222":4,"223":4,"225":1,"226":4,"227":4,"228":4,"229":1},"branchMap":{"0":{"type":"branch","line":7,"loc":{"start":{"line":7,"column":0},"end":{"line":17,"column":1}},"locations":[{"start":{"line":7,"column":0},"end":{"line":17,"column":1}}]},"1":{"type":"branch","line":8,"loc":{"start":{"line":8,"column":23},"end":{"line":16,"column":5}},"locations":[{"start":{"line":8,"column":23},"end":{"line":16,"column":5}}]},"2":{"type":"branch","line":9,"loc":{"start":{"line":9,"column":62},"end":{"line":15,"column":9}},"locations":[{"start":{"line":9,"column":62},"end":{"line":15,"column":9}}]},"3":{"type":"branch","line":10,"loc":{"start":{"line":10,"column":21},"end":{"line":12,"column":19}},"locations":[{"start":{"line":10,"column":21},"end":{"line":12,"column":19}}]},"4":{"type":"branch","line":11,"loc":{"start":{"line":11,"column":33},"end":{"line":11,"column":54}},"locations":[{"start":{"line":11,"column":33},"end":{"line":11,"column":54}}]},"5":{"type":"branch","line":12,"loc":{"start":{"line":12,"column":12},"end":{"line":14,"column":13}},"locations":[{"start":{"line":12,"column":12},"end":{"line":14,"column":13}}]},"6":{"type":"branch","line":19,"loc":{"start":{"line":19,"column":7},"end":{"line":57,"column":1}},"locations":[{"start":{"line":19,"column":7},"end":{"line":57,"column":1}}]},"7":{"type":"branch","line":21,"loc":{"start":{"line":21,"column":53},"end":{"line":30,"column":5}},"locations":[{"start":{"line":21,"column":53},"end":{"line":30,"column":5}}]},"8":{"type":"branch","line":22,"loc":{"start":{"line":22,"column":19},"end":{"line":22,"column":28}},"locations":[{"start":{"line":22,"column":19},"end":{"line":22,"column":28}}]},"9":{"type":"branch","line":22,"loc":{"start":{"line":22,"column":19},"end":{"line":25,"column":42}},"locations":[{"start":{"line":22,"column":19},"end":{"line":25,"column":42}}]},"10":{"type":"branch","line":25,"loc":{"start":{"line":25,"column":37},"end":{"line":25,"column":70}},"locations":[{"start":{"line":25,"column":37},"end":{"line":25,"column":70}}]},"11":{"type":"branch","line":25,"loc":{"start":{"line":25,"column":70},"end":{"line":27,"column":15}},"locations":[{"start":{"line":25,"column":70},"end":{"line":27,"column":15}}]},"12":{"type":"branch","line":27,"loc":{"start":{"line":27,"column":8},"end":{"line":29,"column":9}},"locations":[{"start":{"line":27,"column":8},"end":{"line":29,"column":9}}]},"13":{"type":"branch","line":33,"loc":{"start":{"line":33,"column":54},"end":{"line":55,"column":5}},"locations":[{"start":{"line":33,"column":54},"end":{"line":55,"column":5}}]},"14":{"type":"branch","line":34,"loc":{"start":{"line":34,"column":19},"end":{"line":34,"column":28}},"locations":[{"start":{"line":34,"column":19},"end":{"line":34,"column":28}}]},"15":{"type":"branch","line":34,"loc":{"start":{"line":34,"column":19},"end":{"line":36,"column":45}},"locations":[{"start":{"line":34,"column":19},"end":{"line":36,"column":45}}]},"16":{"type":"branch","line":36,"loc":{"start":{"line":36,"column":39},"end":{"line":36,"column":49}},"locations":[{"start":{"line":36,"column":39},"end":{"line":36,"column":49}}]},"17":{"type":"branch","line":36,"loc":{"start":{"line":36,"column":45},"end":{"line":36,"column":72}},"locations":[{"start":{"line":36,"column":45},"end":{"line":36,"column":72}}]},"18":{"type":"branch","line":37,"loc":{"start":{"line":37,"column":39},"end":{"line":37,"column":49}},"locations":[{"start":{"line":37,"column":39},"end":{"line":37,"column":49}}]},"19":{"type":"branch","line":37,"loc":{"start":{"line":37,"column":45},"end":{"line":37,"column":72}},"locations":[{"start":{"line":37,"column":45},"end":{"line":37,"column":72}}]},"20":{"type":"branch","line":38,"loc":{"start":{"line":38,"column":40},"end":{"line":38,"column":55}},"locations":[{"start":{"line":38,"column":40},"end":{"line":38,"column":55}}]},"21":{"type":"branch","line":38,"loc":{"start":{"line":38,"column":51},"end":{"line":38,"column":64}},"locations":[{"start":{"line":38,"column":51},"end":{"line":38,"column":64}}]},"22":{"type":"branch","line":42,"loc":{"start":{"line":42,"column":25},"end":{"line":45,"column":9}},"locations":[{"start":{"line":42,"column":25},"end":{"line":45,"column":9}}]},"23":{"type":"branch","line":45,"loc":{"start":{"line":45,"column":8},"end":{"line":47,"column":48}},"locations":[{"start":{"line":45,"column":8},"end":{"line":47,"column":48}}]},"24":{"type":"branch","line":47,"loc":{"start":{"line":47,"column":43},"end":{"line":47,"column":64}},"locations":[{"start":{"line":47,"column":43},"end":{"line":47,"column":64}}]},"25":{"type":"branch","line":59,"loc":{"start":{"line":59,"column":7},"end":{"line":74,"column":1}},"locations":[{"start":{"line":59,"column":7},"end":{"line":74,"column":1}}]},"26":{"type":"branch","line":60,"loc":{"start":{"line":60,"column":21},"end":{"line":62,"column":5}},"locations":[{"start":{"line":60,"column":21},"end":{"line":62,"column":5}}]},"27":{"type":"branch","line":62,"loc":{"start":{"line":62,"column":4},"end":{"line":74,"column":1}},"locations":[{"start":{"line":62,"column":4},"end":{"line":74,"column":1}}]},"28":{"type":"branch","line":63,"loc":{"start":{"line":63,"column":38},"end":{"line":73,"column":5}},"locations":[{"start":{"line":63,"column":38},"end":{"line":73,"column":5}}]},"29":{"type":"branch","line":71,"loc":{"start":{"line":71,"column":25},"end":{"line":71,"column":33}},"locations":[{"start":{"line":71,"column":25},"end":{"line":71,"column":33}}]},"30":{"type":"branch","line":76,"loc":{"start":{"line":76,"column":7},"end":{"line":93,"column":1}},"locations":[{"start":{"line":76,"column":7},"end":{"line":93,"column":1}}]},"31":{"type":"branch","line":79,"loc":{"start":{"line":79,"column":32},"end":{"line":83,"column":5}},"locations":[{"start":{"line":79,"column":32},"end":{"line":83,"column":5}}]},"32":{"type":"branch","line":95,"loc":{"start":{"line":95,"column":7},"end":{"line":135,"column":1}},"locations":[{"start":{"line":95,"column":7},"end":{"line":135,"column":1}}]},"33":{"type":"branch","line":106,"loc":{"start":{"line":106,"column":30},"end":{"line":133,"column":5}},"locations":[{"start":{"line":106,"column":30},"end":{"line":133,"column":5}}]},"34":{"type":"branch","line":107,"loc":{"start":{"line":107,"column":41},"end":{"line":111,"column":19}},"locations":[{"start":{"line":107,"column":41},"end":{"line":111,"column":19}}]},"35":{"type":"branch","line":111,"loc":{"start":{"line":111,"column":8},"end":{"line":132,"column":9}},"locations":[{"start":{"line":111,"column":8},"end":{"line":132,"column":9}}]},"36":{"type":"branch","line":111,"loc":{"start":{"line":111,"column":47},"end":{"line":113,"column":19}},"locations":[{"start":{"line":111,"column":47},"end":{"line":113,"column":19}}]},"37":{"type":"branch","line":113,"loc":{"start":{"line":113,"column":8},"end":{"line":132,"column":9}},"locations":[{"start":{"line":113,"column":8},"end":{"line":132,"column":9}}]},"38":{"type":"branch","line":113,"loc":{"start":{"line":113,"column":52},"end":{"line":115,"column":19}},"locations":[{"start":{"line":113,"column":52},"end":{"line":115,"column":19}}]},"39":{"type":"branch","line":115,"loc":{"start":{"line":115,"column":8},"end":{"line":132,"column":9}},"locations":[{"start":{"line":115,"column":8},"end":{"line":132,"column":9}}]},"40":{"type":"branch","line":115,"loc":{"start":{"line":115,"column":52},"end":{"line":118,"column":19}},"locations":[{"start":{"line":115,"column":52},"end":{"line":118,"column":19}}]},"41":{"type":"branch","line":118,"loc":{"start":{"line":118,"column":8},"end":{"line":132,"column":9}},"locations":[{"start":{"line":118,"column":8},"end":{"line":132,"column":9}}]},"42":{"type":"branch","line":118,"loc":{"start":{"line":118,"column":48},"end":{"line":120,"column":19}},"locations":[{"start":{"line":118,"column":48},"end":{"line":120,"column":19}}]},"43":{"type":"branch","line":120,"loc":{"start":{"line":120,"column":8},"end":{"line":132,"column":9}},"locations":[{"start":{"line":120,"column":8},"end":{"line":132,"column":9}}]},"44":{"type":"branch","line":120,"loc":{"start":{"line":120,"column":42},"end":{"line":132,"column":9}},"locations":[{"start":{"line":120,"column":42},"end":{"line":132,"column":9}}]},"45":{"type":"branch","line":138,"loc":{"start":{"line":138,"column":4},"end":{"line":141,"column":5}},"locations":[{"start":{"line":138,"column":4},"end":{"line":141,"column":5}}]},"46":{"type":"branch","line":139,"loc":{"start":{"line":139,"column":71},"end":{"line":140,"column":26}},"locations":[{"start":{"line":139,"column":71},"end":{"line":140,"column":26}}]},"47":{"type":"branch","line":143,"loc":{"start":{"line":143,"column":4},"end":{"line":146,"column":5}},"locations":[{"start":{"line":143,"column":4},"end":{"line":146,"column":5}}]},"48":{"type":"branch","line":144,"loc":{"start":{"line":144,"column":70},"end":{"line":145,"column":26}},"locations":[{"start":{"line":144,"column":70},"end":{"line":145,"column":26}}]},"49":{"type":"branch","line":148,"loc":{"start":{"line":148,"column":4},"end":{"line":154,"column":5}},"locations":[{"start":{"line":148,"column":4},"end":{"line":154,"column":5}}]},"50":{"type":"branch","line":153,"loc":{"start":{"line":153,"column":44},"end":{"line":153,"column":53}},"locations":[{"start":{"line":153,"column":44},"end":{"line":153,"column":53}}]},"51":{"type":"branch","line":156,"loc":{"start":{"line":156,"column":4},"end":{"line":164,"column":5}},"locations":[{"start":{"line":156,"column":4},"end":{"line":164,"column":5}}]},"52":{"type":"branch","line":159,"loc":{"start":{"line":159,"column":19},"end":{"line":159,"column":49}},"locations":[{"start":{"line":159,"column":19},"end":{"line":159,"column":49}}]},"53":{"type":"branch","line":160,"loc":{"start":{"line":160,"column":20},"end":{"line":160,"column":51}},"locations":[{"start":{"line":160,"column":20},"end":{"line":160,"column":51}}]},"54":{"type":"branch","line":166,"loc":{"start":{"line":166,"column":4},"end":{"line":171,"column":5}},"locations":[{"start":{"line":166,"column":4},"end":{"line":171,"column":5}}]},"55":{"type":"branch","line":169,"loc":{"start":{"line":169,"column":45},"end":{"line":170,"column":38}},"locations":[{"start":{"line":169,"column":45},"end":{"line":170,"column":38}}]},"56":{"type":"branch","line":173,"loc":{"start":{"line":173,"column":4},"end":{"line":200,"column":5}},"locations":[{"start":{"line":173,"column":4},"end":{"line":200,"column":5}}]},"57":{"type":"branch","line":177,"loc":{"start":{"line":177,"column":33},"end":{"line":183,"column":9}},"locations":[{"start":{"line":177,"column":33},"end":{"line":183,"column":9}}]},"58":{"type":"branch","line":181,"loc":{"start":{"line":181,"column":13},"end":{"line":183,"column":9}},"locations":[{"start":{"line":181,"column":13},"end":{"line":183,"column":9}}]},"59":{"type":"branch","line":183,"loc":{"start":{"line":183,"column":8},"end":{"line":199,"column":24}},"locations":[{"start":{"line":183,"column":8},"end":{"line":199,"column":24}}]},"60":{"type":"branch","line":183,"loc":{"start":{"line":183,"column":8},"end":{"line":186,"column":49}},"locations":[{"start":{"line":183,"column":8},"end":{"line":186,"column":49}}]},"61":{"type":"branch","line":186,"loc":{"start":{"line":186,"column":49},"end":{"line":198,"column":9}},"locations":[{"start":{"line":186,"column":49},"end":{"line":198,"column":9}}]},"62":{"type":"branch","line":194,"loc":{"start":{"line":194,"column":35},"end":{"line":197,"column":13}},"locations":[{"start":{"line":194,"column":35},"end":{"line":197,"column":13}}]},"63":{"type":"branch","line":198,"loc":{"start":{"line":198,"column":8},"end":{"line":199,"column":24}},"locations":[{"start":{"line":198,"column":8},"end":{"line":199,"column":24}}]},"64":{"type":"branch","line":174,"loc":{"start":{"line":174,"column":81},"end":{"line":174,"column":89}},"locations":[{"start":{"line":174,"column":81},"end":{"line":174,"column":89}}]},"65":{"type":"branch","line":202,"loc":{"start":{"line":202,"column":4},"end":{"line":212,"column":5}},"locations":[{"start":{"line":202,"column":4},"end":{"line":212,"column":5}}]},"66":{"type":"branch","line":205,"loc":{"start":{"line":205,"column":8},"end":{"line":211,"column":9}},"locations":[{"start":{"line":205,"column":8},"end":{"line":211,"column":9}}]},"67":{"type":"branch","line":206,"loc":{"start":{"line":206,"column":47},"end":{"line":206,"column":67}},"locations":[{"start":{"line":206,"column":47},"end":{"line":206,"column":67}}]},"68":{"type":"branch","line":207,"loc":{"start":{"line":207,"column":45},"end":{"line":207,"column":82}},"locations":[{"start":{"line":207,"column":45},"end":{"line":207,"column":82}}]},"69":{"type":"branch","line":207,"loc":{"start":{"line":207,"column":77},"end":{"line":207,"column":106}},"locations":[{"start":{"line":207,"column":77},"end":{"line":207,"column":106}}]},"70":{"type":"branch","line":209,"loc":{"start":{"line":209,"column":12},"end":{"line":211,"column":9}},"locations":[{"start":{"line":209,"column":12},"end":{"line":211,"column":9}}]},"71":{"type":"branch","line":214,"loc":{"start":{"line":214,"column":4},"end":{"line":220,"column":5}},"locations":[{"start":{"line":214,"column":4},"end":{"line":220,"column":5}}]},"72":{"type":"branch","line":222,"loc":{"start":{"line":222,"column":4},"end":{"line":224,"column":5}},"locations":[{"start":{"line":222,"column":4},"end":{"line":224,"column":5}}]},"73":{"type":"branch","line":226,"loc":{"start":{"line":226,"column":4},"end":{"line":229,"column":5}},"locations":[{"start":{"line":226,"column":4},"end":{"line":229,"column":5}}]}},"b":{"0":[105],"1":[105],"2":[105],"3":[8],"4":[2],"5":[97],"6":[25],"7":[232],"8":[5],"9":[227],"10":[225],"11":[3],"12":[224],"13":[232],"14":[5],"15":[227],"16":[8],"17":[219],"18":[8],"19":[219],"20":[225],"21":[2],"22":[1],"23":[227],"24":[0],"25":[28],"26":[3],"27":[25],"28":[1921],"29":[1877],"30":[12],"31":[60],"32":[7],"33":[561],"34":[147],"35":[414],"36":[25],"37":[389],"38":[25],"39":[364],"40":[25],"41":[339],"42":[25],"43":[314],"44":[147],"45":[3],"46":[2],"47":[6],"48":[5],"49":[2],"50":[0],"51":[23],"52":[4],"53":[3],"54":[10],"55":[9],"56":[13],"57":[10],"58":[9],"59":[11],"60":[3],"61":[6],"62":[60],"63":[3],"64":[1],"65":[4],"66":[2],"67":[0],"68":[1],"69":[1],"70":[0],"71":[4],"72":[4],"73":[4]},"fnMap":{"0":{"name":"exec","decl":{"start":{"line":7,"column":0},"end":{"line":17,"column":1}},"loc":{"start":{"line":7,"column":0},"end":{"line":17,"column":1}},"line":7},"1":{"name":"parseStatusAndNumstat","decl":{"start":{"line":19,"column":7},"end":{"line":57,"column":1}},"loc":{"start":{"line":19,"column":7},"end":{"line":57,"column":1}},"line":19},"2":{"name":"parseLogOutput","decl":{"start":{"line":59,"column":7},"end":{"line":74,"column":1}},"loc":{"start":{"line":59,"column":7},"end":{"line":74,"column":1}},"line":59},"3":{"name":"parseCommitDetail","decl":{"start":{"line":76,"column":7},"end":{"line":93,"column":1}},"loc":{"start":{"line":76,"column":7},"end":{"line":93,"column":1}},"line":76},"4":{"name":"parseBlameOutput","decl":{"start":{"line":95,"column":7},"end":{"line":135,"column":1}},"loc":{"start":{"line":95,"column":7},"end":{"line":135,"column":1}},"line":95},"5":{"name":"getRepoRoot","decl":{"start":{"line":138,"column":4},"end":{"line":141,"column":5}},"loc":{"start":{"line":138,"column":4},"end":{"line":141,"column":5}},"line":138},"6":{"name":"resolveRef","decl":{"start":{"line":143,"column":4},"end":{"line":146,"column":5}},"loc":{"start":{"line":143,"column":4},"end":{"line":146,"column":5}},"line":143},"7":{"name":"getPreviousFileCommit","decl":{"start":{"line":148,"column":4},"end":{"line":154,"column":5}},"loc":{"start":{"line":148,"column":4},"end":{"line":154,"column":5}},"line":148},"8":{"name":"getLog","decl":{"start":{"line":156,"column":4},"end":{"line":164,"column":5}},"loc":{"start":{"line":156,"column":4},"end":{"line":164,"column":5}},"line":156},"9":{"name":"getCommitDetail","decl":{"start":{"line":166,"column":4},"end":{"line":171,"column":5}},"loc":{"start":{"line":166,"column":4},"end":{"line":171,"column":5}},"line":166},"10":{"name":"getCommitFiles","decl":{"start":{"line":173,"column":4},"end":{"line":200,"column":5}},"loc":{"start":{"line":173,"column":4},"end":{"line":200,"column":5}},"line":173},"11":{"name":"getFileAtRevision","decl":{"start":{"line":202,"column":4},"end":{"line":212,"column":5}},"loc":{"start":{"line":202,"column":4},"end":{"line":212,"column":5}},"line":202},"12":{"name":"getDiffBetween","decl":{"start":{"line":214,"column":4},"end":{"line":220,"column":5}},"loc":{"start":{"line":214,"column":4},"end":{"line":220,"column":5}},"line":214},"13":{"name":"blameRaw","decl":{"start":{"line":222,"column":4},"end":{"line":224,"column":5}},"loc":{"start":{"line":222,"column":4},"end":{"line":224,"column":5}},"line":222},"14":{"name":"blameStructured","decl":{"start":{"line":226,"column":4},"end":{"line":229,"column":5}},"loc":{"start":{"line":226,"column":4},"end":{"line":229,"column":5}},"line":226}},"f":{"0":105,"1":25,"2":28,"3":12,"4":7,"5":3,"6":6,"7":2,"8":23,"9":10,"10":13,"11":4,"12":4,"13":4,"14":4}}
,"/workspace/src/messageHandler.ts": {"path":"/workspace/src/messageHandler.ts","all":false,"statementMap":{"0":{"start":{"line":1,"column":0},"end":{"line":1,"column":29}},"27":{"start":{"line":28,"column":0},"end":{"line":28,"column":29}},"28":{"start":{"line":29,"column":0},"end":{"line":29,"column":16}},"29":{"start":{"line":30,"column":0},"end":{"line":30,"column":39}},"30":{"start":{"line":31,"column":0},"end":{"line":31,"column":38}},"31":{"start":{"line":32,"column":0},"end":{"line":32,"column":39}},"32":{"start":{"line":33,"column":0},"end":{"line":33,"column":43}},"33":{"start":{"line":34,"column":0},"end":{"line":34,"column":33}},"34":{"start":{"line":35,"column":0},"end":{"line":35,"column":43}},"35":{"start":{"line":36,"column":0},"end":{"line":36,"column":8}},"37":{"start":{"line":38,"column":0},"end":{"line":38,"column":47}},"38":{"start":{"line":39,"column":0},"end":{"line":39,"column":48}},"39":{"start":{"line":40,"column":0},"end":{"line":40,"column":13}},"40":{"start":{"line":41,"column":0},"end":{"line":41,"column":35}},"41":{"start":{"line":42,"column":0},"end":{"line":42,"column":38}},"42":{"start":{"line":43,"column":0},"end":{"line":43,"column":78}},"43":{"start":{"line":44,"column":0},"end":{"line":44,"column":26}},"44":{"start":{"line":45,"column":0},"end":{"line":45,"column":44}},"45":{"start":{"line":46,"column":0},"end":{"line":46,"column":90}},"46":{"start":{"line":47,"column":0},"end":{"line":47,"column":26}},"47":{"start":{"line":48,"column":0},"end":{"line":48,"column":43}},"48":{"start":{"line":49,"column":0},"end":{"line":49,"column":88}},"49":{"start":{"line":50,"column":0},"end":{"line":50,"column":26}},"50":{"start":{"line":51,"column":0},"end":{"line":51,"column":46}},"51":{"start":{"line":52,"column":0},"end":{"line":52,"column":94}},"52":{"start":{"line":53,"column":0},"end":{"line":53,"column":26}},"53":{"start":{"line":54,"column":0},"end":{"line":54,"column":29}},"54":{"start":{"line":55,"column":0},"end":{"line":55,"column":81}},"55":{"start":{"line":56,"column":0},"end":{"line":56,"column":26}},"56":{"start":{"line":57,"column":0},"end":{"line":57,"column":40}},"57":{"start":{"line":58,"column":0},"end":{"line":58,"column":89}},"58":{"start":{"line":59,"column":0},"end":{"line":59,"column":26}},"59":{"start":{"line":60,"column":0},"end":{"line":60,"column":43}},"60":{"start":{"line":61,"column":0},"end":{"line":61,"column":55}},"61":{"start":{"line":62,"column":0},"end":{"line":62,"column":26}},"62":{"start":{"line":63,"column":0},"end":{"line":63,"column":35}},"63":{"start":{"line":64,"column":0},"end":{"line":64,"column":72}},"64":{"start":{"line":65,"column":0},"end":{"line":65,"column":26}},"65":{"start":{"line":66,"column":0},"end":{"line":66,"column":35}},"66":{"start":{"line":67,"column":0},"end":{"line":67,"column":74}},"67":{"start":{"line":68,"column":0},"end":{"line":68,"column":26}},"68":{"start":{"line":69,"column":0},"end":{"line":69,"column":40}},"69":{"start":{"line":70,"column":0},"end":{"line":70,"column":52}},"70":{"start":{"line":71,"column":0},"end":{"line":71,"column":26}},"71":{"start":{"line":72,"column":0},"end":{"line":72,"column":13}},"72":{"start":{"line":73,"column":0},"end":{"line":73,"column":30}},"73":{"start":{"line":74,"column":0},"end":{"line":74,"column":70}},"74":{"start":{"line":75,"column":0},"end":{"line":75,"column":72}},"75":{"start":{"line":76,"column":0},"end":{"line":76,"column":9}},"76":{"start":{"line":77,"column":0},"end":{"line":77,"column":5}},"78":{"start":{"line":79,"column":0},"end":{"line":79,"column":79}},"79":{"start":{"line":80,"column":0},"end":{"line":80,"column":62}},"80":{"start":{"line":81,"column":0},"end":{"line":81,"column":70}},"81":{"start":{"line":82,"column":0},"end":{"line":82,"column":53}},"82":{"start":{"line":83,"column":0},"end":{"line":83,"column":26}},"83":{"start":{"line":84,"column":0},"end":{"line":84,"column":32}},"84":{"start":{"line":85,"column":0},"end":{"line":85,"column":23}},"85":{"start":{"line":86,"column":0},"end":{"line":86,"column":22}},"86":{"start":{"line":87,"column":0},"end":{"line":87,"column":22}},"87":{"start":{"line":88,"column":0},"end":{"line":88,"column":23}},"88":{"start":{"line":89,"column":0},"end":{"line":89,"column":10}},"89":{"start":{"line":90,"column":0},"end":{"line":90,"column":33}},"90":{"start":{"line":91,"column":0},"end":{"line":91,"column":34}},"91":{"start":{"line":92,"column":0},"end":{"line":92,"column":20}},"92":{"start":{"line":93,"column":0},"end":{"line":93,"column":50}},"93":{"start":{"line":94,"column":0},"end":{"line":94,"column":11}},"94":{"start":{"line":95,"column":0},"end":{"line":95,"column":5}},"96":{"start":{"line":97,"column":0},"end":{"line":97,"column":91}},"97":{"start":{"line":98,"column":0},"end":{"line":98,"column":51}},"98":{"start":{"line":99,"column":0},"end":{"line":99,"column":68}},"99":{"start":{"line":100,"column":0},"end":{"line":100,"column":67}},"100":{"start":{"line":101,"column":0},"end":{"line":101,"column":11}},"101":{"start":{"line":102,"column":0},"end":{"line":102,"column":33}},"102":{"start":{"line":103,"column":0},"end":{"line":103,"column":40}},"103":{"start":{"line":104,"column":0},"end":{"line":104,"column":19}},"104":{"start":{"line":105,"column":0},"end":{"line":105,"column":18}},"105":{"start":{"line":106,"column":0},"end":{"line":106,"column":11}},"106":{"start":{"line":107,"column":0},"end":{"line":107,"column":5}},"108":{"start":{"line":109,"column":0},"end":{"line":109,"column":89}},"109":{"start":{"line":110,"column":0},"end":{"line":110,"column":50}},"110":{"start":{"line":111,"column":0},"end":{"line":111,"column":27}},"111":{"start":{"line":112,"column":0},"end":{"line":112,"column":17}},"112":{"start":{"line":113,"column":0},"end":{"line":113,"column":74}},"113":{"start":{"line":114,"column":0},"end":{"line":114,"column":57}},"114":{"start":{"line":115,"column":0},"end":{"line":115,"column":18}},"115":{"start":{"line":116,"column":0},"end":{"line":116,"column":29}},"116":{"start":{"line":117,"column":0},"end":{"line":117,"column":9}},"117":{"start":{"line":118,"column":0},"end":{"line":118,"column":39}},"118":{"start":{"line":119,"column":0},"end":{"line":119,"column":83}},"119":{"start":{"line":120,"column":0},"end":{"line":120,"column":10}},"120":{"start":{"line":121,"column":0},"end":{"line":121,"column":5}},"122":{"start":{"line":123,"column":0},"end":{"line":123,"column":95}},"123":{"start":{"line":124,"column":0},"end":{"line":124,"column":89}},"124":{"start":{"line":125,"column":0},"end":{"line":125,"column":5}},"126":{"start":{"line":127,"column":0},"end":{"line":127,"column":82}},"127":{"start":{"line":128,"column":0},"end":{"line":128,"column":66}},"128":{"start":{"line":129,"column":0},"end":{"line":129,"column":5}},"130":{"start":{"line":131,"column":0},"end":{"line":131,"column":90}},"131":{"start":{"line":132,"column":0},"end":{"line":132,"column":71}},"132":{"start":{"line":133,"column":0},"end":{"line":133,"column":88}},"133":{"start":{"line":134,"column":0},"end":{"line":134,"column":73}},"134":{"start":{"line":135,"column":0},"end":{"line":135,"column":19}},"135":{"start":{"line":136,"column":0},"end":{"line":136,"column":9}},"136":{"start":{"line":137,"column":0},"end":{"line":137,"column":65}},"137":{"start":{"line":138,"column":0},"end":{"line":138,"column":5}},"139":{"start":{"line":140,"column":0},"end":{"line":140,"column":58}},"140":{"start":{"line":141,"column":0},"end":{"line":141,"column":49}},"141":{"start":{"line":142,"column":0},"end":{"line":142,"column":35}},"142":{"start":{"line":143,"column":0},"end":{"line":143,"column":61}},"143":{"start":{"line":144,"column":0},"end":{"line":144,"column":70}},"144":{"start":{"line":145,"column":0},"end":{"line":145,"column":65}},"145":{"start":{"line":146,"column":0},"end":{"line":146,"column":65}},"146":{"start":{"line":147,"column":0},"end":{"line":147,"column":11}},"147":{"start":{"line":148,"column":0},"end":{"line":148,"column":33}},"148":{"start":{"line":149,"column":0},"end":{"line":149,"column":39}},"149":{"start":{"line":150,"column":0},"end":{"line":150,"column":18}},"150":{"start":{"line":151,"column":0},"end":{"line":151,"column":20}},"151":{"start":{"line":152,"column":0},"end":{"line":152,"column":20}},"152":{"start":{"line":153,"column":0},"end":{"line":153,"column":11}},"153":{"start":{"line":154,"column":0},"end":{"line":154,"column":5}},"155":{"start":{"line":156,"column":0},"end":{"line":156,"column":73}},"156":{"start":{"line":157,"column":0},"end":{"line":157,"column":49}},"157":{"start":{"line":158,"column":0},"end":{"line":158,"column":35}},"158":{"start":{"line":159,"column":0},"end":{"line":159,"column":90}},"159":{"start":{"line":160,"column":0},"end":{"line":160,"column":5}},"161":{"start":{"line":162,"column":0},"end":{"line":162,"column":75}},"162":{"start":{"line":163,"column":0},"end":{"line":163,"column":59}},"163":{"start":{"line":164,"column":0},"end":{"line":164,"column":5}},"165":{"start":{"line":166,"column":0},"end":{"line":166,"column":55}},"166":{"start":{"line":167,"column":0},"end":{"line":167,"column":62}},"167":{"start":{"line":168,"column":0},"end":{"line":168,"column":48}},"169":{"start":{"line":170,"column":0},"end":{"line":170,"column":105}},"171":{"start":{"line":172,"column":0},"end":{"line":172,"column":68}},"172":{"start":{"line":173,"column":0},"end":{"line":173,"column":52}},"173":{"start":{"line":174,"column":0},"end":{"line":174,"column":64}},"174":{"start":{"line":175,"column":0},"end":{"line":175,"column":10}},"175":{"start":{"line":176,"column":0},"end":{"line":176,"column":58}},"176":{"start":{"line":177,"column":0},"end":{"line":177,"column":57}},"177":{"start":{"line":178,"column":0},"end":{"line":178,"column":53}},"178":{"start":{"line":179,"column":0},"end":{"line":179,"column":48}},"179":{"start":{"line":180,"column":0},"end":{"line":180,"column":9}},"181":{"start":{"line":182,"column":0},"end":{"line":182,"column":33}},"182":{"start":{"line":183,"column":0},"end":{"line":183,"column":36}},"183":{"start":{"line":184,"column":0},"end":{"line":184,"column":30}},"184":{"start":{"line":185,"column":0},"end":{"line":185,"column":20}},"185":{"start":{"line":186,"column":0},"end":{"line":186,"column":11}},"186":{"start":{"line":187,"column":0},"end":{"line":187,"column":5}},"187":{"start":{"line":188,"column":0},"end":{"line":188,"column":1}}},"s":{"0":1,"27":1,"28":1,"29":17,"30":17,"31":17,"32":17,"33":17,"34":17,"35":17,"37":1,"38":17,"39":17,"40":17,"41":17,"42":3,"43":3,"44":17,"45":2,"46":1,"47":17,"48":2,"49":2,"50":17,"51":1,"52":1,"53":17,"54":1,"55":1,"56":17,"57":2,"58":2,"59":17,"60":2,"61":2,"62":17,"63":1,"64":1,"65":17,"66":1,"67":1,"68":17,"69":2,"70":2,"71":17,"72":17,"73":1,"74":1,"75":1,"76":17,"78":1,"79":3,"80":3,"81":3,"82":3,"83":3,"84":3,"85":3,"86":3,"87":3,"88":3,"89":3,"90":3,"91":3,"92":3,"93":3,"94":3,"96":1,"97":2,"98":2,"99":2,"100":2,"101":1,"102":1,"103":1,"104":1,"105":1,"106":2,"108":1,"109":2,"110":2,"111":1,"112":1,"113":1,"114":1,"115":1,"116":1,"117":2,"118":2,"119":2,"120":2,"122":1,"123":1,"124":1,"126":1,"127":1,"128":1,"130":1,"131":2,"132":1,"133":1,"134":1,"135":1,"136":1,"137":2,"139":1,"140":2,"141":2,"142":1,"143":1,"144":1,"145":1,"146":1,"147":1,"148":1,"149":1,"150":1,"151":1,"152":1,"153":2,"155":1,"156":1,"157":1,"158":1,"159":1,"161":1,"162":1,"163":1,"165":1,"166":2,"167":2,"169":1,"171":1,"172":1,"173":1,"174":1,"175":1,"176":1,"177":1,"178":1,"179":1,"181":1,"182":1,"183":1,"184":1,"185":1,"186":2,"187":1},"branchMap":{"0":{"type":"branch","line":29,"loc":{"start":{"line":29,"column":4},"end":{"line":36,"column":8}},"locations":[{"start":{"line":29,"column":4},"end":{"line":36,"column":8}}]},"1":{"type":"branch","line":38,"loc":{"start":{"line":38,"column":4},"end":{"line":77,"column":5}},"locations":[{"start":{"line":38,"column":4},"end":{"line":77,"column":5}}]},"2":{"type":"branch","line":42,"loc":{"start":{"line":42,"column":16},"end":{"line":44,"column":26}},"locations":[{"start":{"line":42,"column":16},"end":{"line":44,"column":26}}]},"3":{"type":"branch","line":45,"loc":{"start":{"line":45,"column":16},"end":{"line":47,"column":26}},"locations":[{"start":{"line":45,"column":16},"end":{"line":47,"column":26}}]},"4":{"type":"branch","line":46,"loc":{"start":{"line":46,"column":88},"end":{"line":47,"column":26}},"locations":[{"start":{"line":46,"column":88},"end":{"line":47,"column":26}}]},"5":{"type":"branch","line":48,"loc":{"start":{"line":48,"column":16},"end":{"line":50,"column":26}},"locations":[{"start":{"line":48,"column":16},"end":{"line":50,"column":26}}]},"6":{"type":"branch","line":51,"loc":{"start":{"line":51,"column":16},"end":{"line":53,"column":26}},"locations":[{"start":{"line":51,"column":16},"end":{"line":53,"column":26}}]},"7":{"type":"branch","line":54,"loc":{"start":{"line":54,"column":16},"end":{"line":56,"column":26}},"locations":[{"start":{"line":54,"column":16},"end":{"line":56,"column":26}}]},"8":{"type":"branch","line":57,"loc":{"start":{"line":57,"column":16},"end":{"line":59,"column":26}},"locations":[{"start":{"line":57,"column":16},"end":{"line":59,"column":26}}]},"9":{"type":"branch","line":60,"loc":{"start":{"line":60,"column":16},"end":{"line":62,"column":26}},"locations":[{"start":{"line":60,"column":16},"end":{"line":62,"column":26}}]},"10":{"type":"branch","line":63,"loc":{"start":{"line":63,"column":16},"end":{"line":65,"column":26}},"locations":[{"start":{"line":63,"column":16},"end":{"line":65,"column":26}}]},"11":{"type":"branch","line":66,"loc":{"start":{"line":66,"column":16},"end":{"line":68,"column":26}},"locations":[{"start":{"line":66,"column":16},"end":{"line":68,"column":26}}]},"12":{"type":"branch","line":69,"loc":{"start":{"line":69,"column":16},"end":{"line":71,"column":26}},"locations":[{"start":{"line":69,"column":16},"end":{"line":71,"column":26}}]},"13":{"type":"branch","line":73,"loc":{"start":{"line":73,"column":8},"end":{"line":76,"column":9}},"locations":[{"start":{"line":73,"column":8},"end":{"line":76,"column":9}}]},"14":{"type":"branch","line":74,"loc":{"start":{"line":74,"column":50},"end":{"line":74,"column":70}},"locations":[{"start":{"line":74,"column":50},"end":{"line":74,"column":70}}]},"15":{"type":"branch","line":79,"loc":{"start":{"line":79,"column":4},"end":{"line":95,"column":5}},"locations":[{"start":{"line":79,"column":4},"end":{"line":95,"column":5}}]},"16":{"type":"branch","line":80,"loc":{"start":{"line":80,"column":45},"end":{"line":80,"column":62}},"locations":[{"start":{"line":80,"column":45},"end":{"line":80,"column":62}}]},"17":{"type":"branch","line":97,"loc":{"start":{"line":97,"column":4},"end":{"line":107,"column":5}},"locations":[{"start":{"line":97,"column":4},"end":{"line":107,"column":5}}]},"18":{"type":"branch","line":101,"loc":{"start":{"line":101,"column":9},"end":{"line":106,"column":11}},"locations":[{"start":{"line":101,"column":9},"end":{"line":106,"column":11}}]},"19":{"type":"branch","line":109,"loc":{"start":{"line":109,"column":4},"end":{"line":121,"column":5}},"locations":[{"start":{"line":109,"column":4},"end":{"line":121,"column":5}}]},"20":{"type":"branch","line":110,"loc":{"start":{"line":110,"column":30},"end":{"line":110,"column":50}},"locations":[{"start":{"line":110,"column":30},"end":{"line":110,"column":50}}]},"21":{"type":"branch","line":111,"loc":{"start":{"line":111,"column":26},"end":{"line":117,"column":9}},"locations":[{"start":{"line":111,"column":26},"end":{"line":117,"column":9}}]},"22":{"type":"branch","line":116,"loc":{"start":{"line":116,"column":12},"end":{"line":116,"column":29}},"locations":[{"start":{"line":116,"column":12},"end":{"line":116,"column":29}}]},"23":{"type":"branch","line":119,"loc":{"start":{"line":119,"column":12},"end":{"line":119,"column":36}},"locations":[{"start":{"line":119,"column":12},"end":{"line":119,"column":36}}]},"24":{"type":"branch","line":123,"loc":{"start":{"line":123,"column":4},"end":{"line":125,"column":5}},"locations":[{"start":{"line":123,"column":4},"end":{"line":125,"column":5}}]},"25":{"type":"branch","line":127,"loc":{"start":{"line":127,"column":4},"end":{"line":129,"column":5}},"locations":[{"start":{"line":127,"column":4},"end":{"line":129,"column":5}}]},"26":{"type":"branch","line":131,"loc":{"start":{"line":131,"column":4},"end":{"line":138,"column":5}},"locations":[{"start":{"line":131,"column":4},"end":{"line":138,"column":5}}]},"27":{"type":"branch","line":132,"loc":{"start":{"line":132,"column":30},"end":{"line":132,"column":70}},"locations":[{"start":{"line":132,"column":30},"end":{"line":132,"column":70}}]},"28":{"type":"branch","line":132,"loc":{"start":{"line":132,"column":70},"end":{"line":137,"column":65}},"locations":[{"start":{"line":132,"column":70},"end":{"line":137,"column":65}}]},"29":{"type":"branch","line":140,"loc":{"start":{"line":140,"column":4},"end":{"line":154,"column":5}},"locations":[{"start":{"line":140,"column":4},"end":{"line":154,"column":5}}]},"30":{"type":"branch","line":142,"loc":{"start":{"line":142,"column":13},"end":{"line":142,"column":28}},"locations":[{"start":{"line":142,"column":13},"end":{"line":142,"column":28}}]},"31":{"type":"branch","line":142,"loc":{"start":{"line":142,"column":28},"end":{"line":153,"column":11}},"locations":[{"start":{"line":142,"column":28},"end":{"line":153,"column":11}}]},"32":{"type":"branch","line":156,"loc":{"start":{"line":156,"column":4},"end":{"line":160,"column":5}},"locations":[{"start":{"line":156,"column":4},"end":{"line":160,"column":5}}]},"33":{"type":"branch","line":158,"loc":{"start":{"line":158,"column":28},"end":{"line":158,"column":35}},"locations":[{"start":{"line":158,"column":28},"end":{"line":158,"column":35}}]},"34":{"type":"branch","line":162,"loc":{"start":{"line":162,"column":4},"end":{"line":164,"column":5}},"locations":[{"start":{"line":162,"column":4},"end":{"line":164,"column":5}}]},"35":{"type":"branch","line":166,"loc":{"start":{"line":166,"column":4},"end":{"line":187,"column":5}},"locations":[{"start":{"line":166,"column":4},"end":{"line":187,"column":5}}]},"36":{"type":"branch","line":168,"loc":{"start":{"line":168,"column":13},"end":{"line":168,"column":41}},"locations":[{"start":{"line":168,"column":13},"end":{"line":168,"column":41}}]},"37":{"type":"branch","line":168,"loc":{"start":{"line":168,"column":41},"end":{"line":186,"column":11}},"locations":[{"start":{"line":168,"column":41},"end":{"line":186,"column":11}}]},"38":{"type":"branch","line":172,"loc":{"start":{"line":172,"column":54},"end":{"line":172,"column":64}},"locations":[{"start":{"line":172,"column":54},"end":{"line":172,"column":64}}]},"39":{"type":"branch","line":173,"loc":{"start":{"line":173,"column":46},"end":{"line":174,"column":64}},"locations":[{"start":{"line":173,"column":46},"end":{"line":174,"column":64}}]}},"b":{"0":[17],"1":[17],"2":[3],"3":[2],"4":[1],"5":[2],"6":[1],"7":[1],"8":[2],"9":[2],"10":[1],"11":[1],"12":[2],"13":[1],"14":[0],"15":[3],"16":[0],"17":[2],"18":[1],"19":[2],"20":[1],"21":[1],"22":[0],"23":[0],"24":[1],"25":[1],"26":[2],"27":[1],"28":[1],"29":[2],"30":[1],"31":[1],"32":[1],"33":[0],"34":[1],"35":[2],"36":[1],"37":[1],"38":[23],"39":[1]},"fnMap":{"0":{"name":"MessageHandler","decl":{"start":{"line":29,"column":4},"end":{"line":36,"column":8}},"loc":{"start":{"line":29,"column":4},"end":{"line":36,"column":8}},"line":29},"1":{"name":"handle","decl":{"start":{"line":38,"column":4},"end":{"line":77,"column":5}},"loc":{"start":{"line":38,"column":4},"end":{"line":77,"column":5}},"line":38},"2":{"name":"onRequestCommits","decl":{"start":{"line":79,"column":4},"end":{"line":95,"column":5}},"loc":{"start":{"line":79,"column":4},"end":{"line":95,"column":5}},"line":79},"3":{"name":"onRequestCommitDetails","decl":{"start":{"line":97,"column":4},"end":{"line":107,"column":5}},"loc":{"start":{"line":97,"column":4},"end":{"line":107,"column":5}},"line":97},"4":{"name":"onCompareWithPrevious","decl":{"start":{"line":109,"column":4},"end":{"line":121,"column":5}},"loc":{"start":{"line":109,"column":4},"end":{"line":121,"column":5}},"line":109},"5":{"name":"onCompareWithWorkingTree","decl":{"start":{"line":123,"column":4},"end":{"line":125,"column":5}},"loc":{"start":{"line":123,"column":4},"end":{"line":125,"column":5}},"line":123},"6":{"name":"onBlame","decl":{"start":{"line":127,"column":4},"end":{"line":129,"column":5}},"loc":{"start":{"line":127,"column":4},"end":{"line":129,"column":5}},"line":127},"7":{"name":"onCompareRevisions","decl":{"start":{"line":131,"column":4},"end":{"line":138,"column":5}},"loc":{"start":{"line":131,"column":4},"end":{"line":138,"column":5}},"line":131},"8":{"name":"onRequestCompareFiles","decl":{"start":{"line":140,"column":4},"end":{"line":154,"column":5}},"loc":{"start":{"line":140,"column":4},"end":{"line":154,"column":5}},"line":140},"9":{"name":"onCompareFile","decl":{"start":{"line":156,"column":4},"end":{"line":160,"column":5}},"loc":{"start":{"line":156,"column":4},"end":{"line":160,"column":5}},"line":156},"10":{"name":"onShowFileLog","decl":{"start":{"line":162,"column":4},"end":{"line":164,"column":5}},"loc":{"start":{"line":162,"column":4},"end":{"line":164,"column":5}},"line":162},"11":{"name":"onRequestBlameData","decl":{"start":{"line":166,"column":4},"end":{"line":187,"column":5}},"loc":{"start":{"line":166,"column":4},"end":{"line":187,"column":5}},"line":166}},"f":{"0":17,"1":17,"2":3,"3":2,"4":2,"5":1,"6":1,"7":2,"8":2,"9":1,"10":1,"11":2}}
,"/workspace/src/utils.ts": {"path":"/workspace/src/utils.ts","all":false,"statementMap":{"0":{"start":{"line":1,"column":0},"end":{"line":1,"column":57}},"1":{"start":{"line":2,"column":0},"end":{"line":2,"column":81}},"2":{"start":{"line":3,"column":0},"end":{"line":3,"column":1}}},"s":{"0":1,"1":8,"2":8},"branchMap":{"0":{"type":"branch","line":1,"loc":{"start":{"line":1,"column":7},"end":{"line":3,"column":1}},"locations":[{"start":{"line":1,"column":7},"end":{"line":3,"column":1}}]}},"b":{"0":[8]},"fnMap":{"0":{"name":"safeJsonStringify","decl":{"start":{"line":1,"column":7},"end":{"line":3,"column":1}},"loc":{"start":{"line":1,"column":7},"end":{"line":3,"column":1}},"line":1}},"f":{"0":8}}
,"/workspace/webview/utils.ts": {"path":"/workspace/webview/utils.ts","all":false,"statementMap":{"0":{"start":{"line":1,"column":0},"end":{"line":1,"column":73}},"1":{"start":{"line":2,"column":0},"end":{"line":2,"column":36}},"2":{"start":{"line":3,"column":0},"end":{"line":3,"column":26}},"3":{"start":{"line":4,"column":0},"end":{"line":4,"column":26}},"4":{"start":{"line":5,"column":0},"end":{"line":5,"column":63}},"5":{"start":{"line":6,"column":0},"end":{"line":6,"column":43}},"6":{"start":{"line":7,"column":0},"end":{"line":7,"column":9}},"7":{"start":{"line":8,"column":0},"end":{"line":8,"column":30}},"8":{"start":{"line":9,"column":0},"end":{"line":9,"column":30}},"9":{"start":{"line":10,"column":0},"end":{"line":10,"column":65}},"10":{"start":{"line":11,"column":0},"end":{"line":11,"column":7}},"11":{"start":{"line":12,"column":0},"end":{"line":12,"column":1}},"13":{"start":{"line":14,"column":0},"end":{"line":14,"column":48}},"14":{"start":{"line":15,"column":0},"end":{"line":15,"column":16}},"15":{"start":{"line":16,"column":0},"end":{"line":16,"column":33}},"16":{"start":{"line":17,"column":0},"end":{"line":17,"column":36}},"17":{"start":{"line":18,"column":0},"end":{"line":18,"column":35}},"18":{"start":{"line":19,"column":0},"end":{"line":19,"column":35}},"19":{"start":{"line":20,"column":0},"end":{"line":20,"column":35}},"20":{"start":{"line":21,"column":0},"end":{"line":21,"column":5}},"21":{"start":{"line":22,"column":0},"end":{"line":22,"column":1}},"23":{"start":{"line":24,"column":0},"end":{"line":24,"column":48}},"24":{"start":{"line":25,"column":0},"end":{"line":25,"column":16}},"25":{"start":{"line":26,"column":0},"end":{"line":26,"column":33}},"26":{"start":{"line":27,"column":0},"end":{"line":27,"column":36}},"27":{"start":{"line":28,"column":0},"end":{"line":28,"column":35}},"28":{"start":{"line":29,"column":0},"end":{"line":29,"column":35}},"29":{"start":{"line":30,"column":0},"end":{"line":30,"column":34}},"30":{"start":{"line":31,"column":0},"end":{"line":31,"column":26}},"31":{"start":{"line":32,"column":0},"end":{"line":32,"column":5}},"32":{"start":{"line":33,"column":0},"end":{"line":33,"column":1}},"34":{"start":{"line":35,"column":0},"end":{"line":35,"column":50}},"35":{"start":{"line":36,"column":0},"end":{"line":36,"column":15}},"36":{"start":{"line":37,"column":0},"end":{"line":37,"column":31}},"37":{"start":{"line":38,"column":0},"end":{"line":38,"column":30}},"38":{"start":{"line":39,"column":0},"end":{"line":39,"column":30}},"39":{"start":{"line":40,"column":0},"end":{"line":40,"column":33}},"40":{"start":{"line":41,"column":0},"end":{"line":41,"column":1}},"42":{"start":{"line":43,"column":0},"end":{"line":43,"column":53}},"43":{"start":{"line":44,"column":0},"end":{"line":44,"column":9}},"44":{"start":{"line":45,"column":0},"end":{"line":45,"column":36}},"45":{"start":{"line":46,"column":0},"end":{"line":46,"column":47}},"46":{"start":{"line":47,"column":0},"end":{"line":47,"column":34}},"47":{"start":{"line":48,"column":0},"end":{"line":48,"column":13}},"48":{"start":{"line":49,"column":0},"end":{"line":49,"column":23}},"49":{"start":{"line":50,"column":0},"end":{"line":50,"column":5}},"50":{"start":{"line":51,"column":0},"end":{"line":51,"column":1}},"52":{"start":{"line":53,"column":0},"end":{"line":53,"column":58}},"53":{"start":{"line":54,"column":0},"end":{"line":54,"column":62}},"54":{"start":{"line":55,"column":0},"end":{"line":55,"column":40}},"55":{"start":{"line":56,"column":0},"end":{"line":56,"column":45}},"56":{"start":{"line":57,"column":0},"end":{"line":57,"column":47}},"57":{"start":{"line":58,"column":0},"end":{"line":58,"column":43}},"58":{"start":{"line":59,"column":0},"end":{"line":59,"column":43}},"59":{"start":{"line":60,"column":0},"end":{"line":60,"column":40}},"60":{"start":{"line":61,"column":0},"end":{"line":61,"column":41}},"61":{"start":{"line":62,"column":0},"end":{"line":62,"column":41}},"62":{"start":{"line":63,"column":0},"end":{"line":63,"column":46}},"63":{"start":{"line":64,"column":0},"end":{"line":64,"column":41}},"64":{"start":{"line":65,"column":0},"end":{"line":65,"column":27}},"65":{"start":{"line":66,"column":0},"end":{"line":66,"column":1}}},"s":{"0":1,"1":7,"2":19,"3":19,"4":19,"5":7,"6":7,"7":12,"8":12,"9":19,"10":7,"11":7,"13":1,"14":6,"15":6,"16":6,"17":6,"18":6,"19":6,"20":6,"21":6,"23":1,"24":6,"25":6,"26":6,"27":6,"28":6,"29":6,"30":6,"31":6,"32":6,"34":1,"35":6,"36":6,"37":6,"38":6,"39":6,"40":6,"42":1,"43":4,"44":4,"45":4,"46":2,"47":4,"48":0,"49":0,"50":4,"52":1,"53":9,"54":9,"55":7,"56":9,"57":5,"58":9,"59":4,"60":9,"61":2,"62":9,"63":1,"64":1,"65":1},"branchMap":{"0":{"type":"branch","line":1,"loc":{"start":{"line":1,"column":7},"end":{"line":12,"column":1}},"locations":[{"start":{"line":1,"column":7},"end":{"line":12,"column":1}}]},"1":{"type":"branch","line":2,"loc":{"start":{"line":2,"column":25},"end":{"line":11,"column":5}},"locations":[{"start":{"line":2,"column":25},"end":{"line":11,"column":5}}]},"2":{"type":"branch","line":5,"loc":{"start":{"line":5,"column":26},"end":{"line":5,"column":62}},"locations":[{"start":{"line":5,"column":26},"end":{"line":5,"column":62}}]},"3":{"type":"branch","line":5,"loc":{"start":{"line":5,"column":62},"end":{"line":7,"column":9}},"locations":[{"start":{"line":5,"column":62},"end":{"line":7,"column":9}}]},"4":{"type":"branch","line":6,"loc":{"start":{"line":6,"column":19},"end":{"line":6,"column":35}},"locations":[{"start":{"line":6,"column":19},"end":{"line":6,"column":35}}]},"5":{"type":"branch","line":6,"loc":{"start":{"line":6,"column":30},"end":{"line":6,"column":43}},"locations":[{"start":{"line":6,"column":30},"end":{"line":6,"column":43}}]},"6":{"type":"branch","line":7,"loc":{"start":{"line":7,"column":8},"end":{"line":10,"column":21}},"locations":[{"start":{"line":7,"column":8},"end":{"line":10,"column":21}}]},"7":{"type":"branch","line":10,"loc":{"start":{"line":10,"column":15},"end":{"line":10,"column":44}},"locations":[{"start":{"line":10,"column":15},"end":{"line":10,"column":44}}]},"8":{"type":"branch","line":10,"loc":{"start":{"line":10,"column":40},"end":{"line":10,"column":65}},"locations":[{"start":{"line":10,"column":40},"end":{"line":10,"column":65}}]},"9":{"type":"branch","line":14,"loc":{"start":{"line":14,"column":7},"end":{"line":22,"column":1}},"locations":[{"start":{"line":14,"column":7},"end":{"line":22,"column":1}}]},"10":{"type":"branch","line":16,"loc":{"start":{"line":16,"column":8},"end":{"line":16,"column":33}},"locations":[{"start":{"line":16,"column":8},"end":{"line":16,"column":33}}]},"11":{"type":"branch","line":17,"loc":{"start":{"line":17,"column":8},"end":{"line":17,"column":36}},"locations":[{"start":{"line":17,"column":8},"end":{"line":17,"column":36}}]},"12":{"type":"branch","line":18,"loc":{"start":{"line":18,"column":8},"end":{"line":18,"column":35}},"locations":[{"start":{"line":18,"column":8},"end":{"line":18,"column":35}}]},"13":{"type":"branch","line":19,"loc":{"start":{"line":19,"column":8},"end":{"line":19,"column":35}},"locations":[{"start":{"line":19,"column":8},"end":{"line":19,"column":35}}]},"14":{"type":"branch","line":20,"loc":{"start":{"line":20,"column":8},"end":{"line":20,"column":35}},"locations":[{"start":{"line":20,"column":8},"end":{"line":20,"column":35}}]},"15":{"type":"branch","line":24,"loc":{"start":{"line":24,"column":7},"end":{"line":33,"column":1}},"locations":[{"start":{"line":24,"column":7},"end":{"line":33,"column":1}}]},"16":{"type":"branch","line":26,"loc":{"start":{"line":26,"column":8},"end":{"line":26,"column":33}},"locations":[{"start":{"line":26,"column":8},"end":{"line":26,"column":33}}]},"17":{"type":"branch","line":27,"loc":{"start":{"line":27,"column":8},"end":{"line":27,"column":36}},"locations":[{"start":{"line":27,"column":8},"end":{"line":27,"column":36}}]},"18":{"type":"branch","line":28,"loc":{"start":{"line":28,"column":8},"end":{"line":28,"column":35}},"locations":[{"start":{"line":28,"column":8},"end":{"line":28,"column":35}}]},"19":{"type":"branch","line":29,"loc":{"start":{"line":29,"column":8},"end":{"line":29,"column":35}},"locations":[{"start":{"line":29,"column":8},"end":{"line":29,"column":35}}]},"20":{"type":"branch","line":30,"loc":{"start":{"line":30,"column":8},"end":{"line":30,"column":34}},"locations":[{"start":{"line":30,"column":8},"end":{"line":30,"column":34}}]},"21":{"type":"branch","line":31,"loc":{"start":{"line":31,"column":8},"end":{"line":31,"column":26}},"locations":[{"start":{"line":31,"column":8},"end":{"line":31,"column":26}}]},"22":{"type":"branch","line":35,"loc":{"start":{"line":35,"column":7},"end":{"line":41,"column":1}},"locations":[{"start":{"line":35,"column":7},"end":{"line":41,"column":1}}]},"23":{"type":"branch","line":43,"loc":{"start":{"line":43,"column":7},"end":{"line":51,"column":1}},"locations":[{"start":{"line":43,"column":7},"end":{"line":51,"column":1}}]},"24":{"type":"branch","line":46,"loc":{"start":{"line":46,"column":32},"end":{"line":48,"column":12}},"locations":[{"start":{"line":46,"column":32},"end":{"line":48,"column":12}}]},"25":{"type":"branch","line":48,"loc":{"start":{"line":48,"column":4},"end":{"line":50,"column":5}},"locations":[{"start":{"line":48,"column":4},"end":{"line":50,"column":5}}]},"26":{"type":"branch","line":53,"loc":{"start":{"line":53,"column":7},"end":{"line":66,"column":1}},"locations":[{"start":{"line":53,"column":7},"end":{"line":66,"column":1}}]},"27":{"type":"branch","line":55,"loc":{"start":{"line":55,"column":22},"end":{"line":55,"column":40}},"locations":[{"start":{"line":55,"column":22},"end":{"line":55,"column":40}}]},"28":{"type":"branch","line":55,"loc":{"start":{"line":55,"column":29},"end":{"line":57,"column":29}},"locations":[{"start":{"line":55,"column":29},"end":{"line":57,"column":29}}]},"29":{"type":"branch","line":57,"loc":{"start":{"line":57,"column":22},"end":{"line":57,"column":47}},"locations":[{"start":{"line":57,"column":22},"end":{"line":57,"column":47}}]},"30":{"type":"branch","line":57,"loc":{"start":{"line":57,"column":39},"end":{"line":59,"column":27}},"locations":[{"start":{"line":57,"column":39},"end":{"line":59,"column":27}}]},"31":{"type":"branch","line":59,"loc":{"start":{"line":59,"column":20},"end":{"line":59,"column":43}},"locations":[{"start":{"line":59,"column":20},"end":{"line":59,"column":43}}]},"32":{"type":"branch","line":59,"loc":{"start":{"line":59,"column":35},"end":{"line":61,"column":26}},"locations":[{"start":{"line":59,"column":35},"end":{"line":61,"column":26}}]},"33":{"type":"branch","line":61,"loc":{"start":{"line":61,"column":19},"end":{"line":63,"column":28}},"locations":[{"start":{"line":61,"column":19},"end":{"line":63,"column":28}}]},"34":{"type":"branch","line":63,"loc":{"start":{"line":63,"column":21},"end":{"line":66,"column":1}},"locations":[{"start":{"line":63,"column":21},"end":{"line":66,"column":1}}]}},"b":{"0":[7],"1":[19],"2":[7],"3":[7],"4":[3],"5":[4],"6":[12],"7":[8],"8":[4],"9":[6],"10":[1],"11":[1],"12":[1],"13":[1],"14":[2],"15":[6],"16":[1],"17":[1],"18":[1],"19":[1],"20":[1],"21":[1],"22":[6],"23":[4],"24":[2],"25":[0],"26":[9],"27":[2],"28":[7],"29":[2],"30":[5],"31":[1],"32":[4],"33":[2],"34":[1]},"fnMap":{"0":{"name":"sortArray","decl":{"start":{"line":1,"column":7},"end":{"line":12,"column":1}},"loc":{"start":{"line":1,"column":7},"end":{"line":12,"column":1}},"line":1},"1":{"name":"statusClass","decl":{"start":{"line":14,"column":7},"end":{"line":22,"column":1}},"loc":{"start":{"line":14,"column":7},"end":{"line":22,"column":1}},"line":14},"2":{"name":"statusLabel","decl":{"start":{"line":24,"column":7},"end":{"line":33,"column":1}},"loc":{"start":{"line":24,"column":7},"end":{"line":33,"column":1}},"line":24},"3":{"name":"escapeHtml","decl":{"start":{"line":35,"column":7},"end":{"line":41,"column":1}},"loc":{"start":{"line":35,"column":7},"end":{"line":41,"column":1}},"line":35},"4":{"name":"formatDate","decl":{"start":{"line":43,"column":7},"end":{"line":51,"column":1}},"loc":{"start":{"line":43,"column":7},"end":{"line":51,"column":1}},"line":43},"5":{"name":"formatTimeAgo","decl":{"start":{"line":53,"column":7},"end":{"line":66,"column":1}},"loc":{"start":{"line":53,"column":7},"end":{"line":66,"column":1}},"line":53}},"f":{"0":7,"1":6,"2":6,"3":6,"4":4,"5":9}}
}
