{"/workspace/src/gitService.ts": {"path":"/workspace/src/gitService.ts","all":false,"statementMap":{"0":{"start":{"line":1,"column":0},"end":{"line":1,"column":41}},"3":{"start":{"line":4,"column":0},"end":{"line":4,"column":26}},"4":{"start":{"line":5,"column":0},"end":{"line":5,"column":36}},"6":{"start":{"line":7,"column":0},"end":{"line":7,"column":61}},"7":{"start":{"line":8,"column":0},"end":{"line":8,"column":45}},"8":{"start":{"line":9,"column":0},"end":{"line":9,"column":88}},"9":{"start":{"line":10,"column":0},"end":{"line":10,"column":22}},"10":{"start":{"line":11,"column":0},"end":{"line":11,"column":57}},"11":{"start":{"line":12,"column":0},"end":{"line":12,"column":20}},"12":{"start":{"line":13,"column":0},"end":{"line":13,"column":32}},"13":{"start":{"line":14,"column":0},"end":{"line":14,"column":13}},"14":{"start":{"line":15,"column":0},"end":{"line":15,"column":11}},"15":{"start":{"line":16,"column":0},"end":{"line":16,"column":7}},"16":{"start":{"line":17,"column":0},"end":{"line":17,"column":1}},"18":{"start":{"line":19,"column":0},"end":{"line":19,"column":92}},"19":{"start":{"line":20,"column":0},"end":{"line":20,"column":78}},"20":{"start":{"line":21,"column":0},"end":{"line":21,"column":54}},"21":{"start":{"line":22,"column":0},"end":{"line":22,"column":28}},"22":{"start":{"line":23,"column":0},"end":{"line":23,"column":39}},"23":{"start":{"line":24,"column":0},"end":{"line":24,"column":36}},"24":{"start":{"line":25,"column":0},"end":{"line":25,"column":71}},"25":{"start":{"line":26,"column":0},"end":{"line":26,"column":82}},"26":{"start":{"line":27,"column":0},"end":{"line":27,"column":16}},"27":{"start":{"line":28,"column":0},"end":{"line":28,"column":60}},"28":{"start":{"line":29,"column":0},"end":{"line":29,"column":9}},"29":{"start":{"line":30,"column":0},"end":{"line":30,"column":5}},"31":{"start":{"line":32,"column":0},"end":{"line":32,"column":35}},"32":{"start":{"line":33,"column":0},"end":{"line":33,"column":55}},"33":{"start":{"line":34,"column":0},"end":{"line":34,"column":28}},"34":{"start":{"line":35,"column":0},"end":{"line":35,"column":39}},"35":{"start":{"line":36,"column":0},"end":{"line":36,"column":72}},"36":{"start":{"line":37,"column":0},"end":{"line":37,"column":72}},"37":{"start":{"line":38,"column":0},"end":{"line":38,"column":64}},"40":{"start":{"line":41,"column":0},"end":{"line":41,"column":73}},"41":{"start":{"line":42,"column":0},"end":{"line":42,"column":26}},"42":{"start":{"line":43,"column":0},"end":{"line":43,"column":62}},"43":{"start":{"line":44,"column":0},"end":{"line":44,"column":49}},"44":{"start":{"line":45,"column":0},"end":{"line":45,"column":9}},"46":{"start":{"line":47,"column":0},"end":{"line":47,"column":64}},"47":{"start":{"line":48,"column":0},"end":{"line":48,"column":20}},"48":{"start":{"line":49,"column":0},"end":{"line":49,"column":27}},"49":{"start":{"line":50,"column":0},"end":{"line":50,"column":34}},"50":{"start":{"line":51,"column":0},"end":{"line":51,"column":32}},"51":{"start":{"line":52,"column":0},"end":{"line":52,"column":22}},"52":{"start":{"line":53,"column":0},"end":{"line":53,"column":22}},"53":{"start":{"line":54,"column":0},"end":{"line":54,"column":11}},"54":{"start":{"line":55,"column":0},"end":{"line":55,"column":5}},"55":{"start":{"line":56,"column":0},"end":{"line":56,"column":17}},"56":{"start":{"line":57,"column":0},"end":{"line":57,"column":1}},"58":{"start":{"line":59,"column":0},"end":{"line":59,"column":55}},"59":{"start":{"line":60,"column":0},"end":{"line":60,"column":22}},"60":{"start":{"line":61,"column":0},"end":{"line":61,"column":18}},"61":{"start":{"line":62,"column":0},"end":{"line":62,"column":5}},"62":{"start":{"line":63,"column":0},"end":{"line":63,"column":47}},"63":{"start":{"line":64,"column":0},"end":{"line":64,"column":45}},"64":{"start":{"line":65,"column":0},"end":{"line":65,"column":16}},"65":{"start":{"line":66,"column":0},"end":{"line":66,"column":27}},"66":{"start":{"line":67,"column":0},"end":{"line":67,"column":32}},"67":{"start":{"line":68,"column":0},"end":{"line":68,"column":30}},"68":{"start":{"line":69,"column":0},"end":{"line":69,"column":33}},"69":{"start":{"line":70,"column":0},"end":{"line":70,"column":33}},"70":{"start":{"line":71,"column":0},"end":{"line":71,"column":10}},"71":{"start":{"line":72,"column":0},"end":{"line":72,"column":7}},"72":{"start":{"line":73,"column":0},"end":{"line":73,"column":1}},"74":{"start":{"line":75,"column":0},"end":{"line":75,"column":62}},"75":{"start":{"line":76,"column":0},"end":{"line":76,"column":31}},"76":{"start":{"line":77,"column":0},"end":{"line":77,"column":24}},"77":{"start":{"line":78,"column":0},"end":{"line":78,"column":33}},"78":{"start":{"line":79,"column":0},"end":{"line":79,"column":50}},"79":{"start":{"line":80,"column":0},"end":{"line":80,"column":48}},"80":{"start":{"line":81,"column":0},"end":{"line":81,"column":49}},"81":{"start":{"line":82,"column":0},"end":{"line":82,"column":5}},"82":{"start":{"line":83,"column":0},"end":{"line":83,"column":33}},"83":{"start":{"line":84,"column":0},"end":{"line":84,"column":12}},"84":{"start":{"line":85,"column":0},"end":{"line":85,"column":23}},"85":{"start":{"line":86,"column":0},"end":{"line":86,"column":28}},"86":{"start":{"line":87,"column":0},"end":{"line":87,"column":29}},"87":{"start":{"line":88,"column":0},"end":{"line":88,"column":30}},"88":{"start":{"line":89,"column":0},"end":{"line":89,"column":29}},"89":{"start":{"line":90,"column":0},"end":{"line":90,"column":23}},"90":{"start":{"line":91,"column":0},"end":{"line":91,"column":6}},"91":{"start":{"line":92,"column":0},"end":{"line":92,"column":1}},"93":{"start":{"line":94,"column":0},"end":{"line":94,"column":67}},"94":{"start":{"line":95,"column":0},"end":{"line":95,"column":37}},"95":{"start":{"line":96,"column":0},"end":{"line":96,"column":40}},"96":{"start":{"line":97,"column":0},"end":{"line":97,"column":24}},"97":{"start":{"line":98,"column":0},"end":{"line":98,"column":27}},"98":{"start":{"line":99,"column":0},"end":{"line":99,"column":32}},"99":{"start":{"line":100,"column":0},"end":{"line":100,"column":29}},"100":{"start":{"line":101,"column":0},"end":{"line":101,"column":25}},"101":{"start":{"line":102,"column":0},"end":{"line":102,"column":28}},"102":{"start":{"line":103,"column":0},"end":{"line":103,"column":26}},"104":{"start":{"line":105,"column":0},"end":{"line":105,"column":31}},"105":{"start":{"line":106,"column":0},"end":{"line":106,"column":42}},"106":{"start":{"line":107,"column":0},"end":{"line":107,"column":42}},"107":{"start":{"line":108,"column":0},"end":{"line":108,"column":34}},"108":{"start":{"line":109,"column":0},"end":{"line":109,"column":51}},"109":{"start":{"line":110,"column":0},"end":{"line":110,"column":48}},"110":{"start":{"line":111,"column":0},"end":{"line":111,"column":46}},"111":{"start":{"line":112,"column":0},"end":{"line":112,"column":53}},"112":{"start":{"line":113,"column":0},"end":{"line":113,"column":73}},"113":{"start":{"line":114,"column":0},"end":{"line":114,"column":53}},"114":{"start":{"line":115,"column":0},"end":{"line":115,"column":64}},"115":{"start":{"line":116,"column":0},"end":{"line":116,"column":77}},"116":{"start":{"line":117,"column":0},"end":{"line":117,"column":49}},"117":{"start":{"line":118,"column":0},"end":{"line":118,"column":47}},"118":{"start":{"line":119,"column":0},"end":{"line":119,"column":43}},"119":{"start":{"line":120,"column":0},"end":{"line":120,"column":26}},"120":{"start":{"line":121,"column":0},"end":{"line":121,"column":32}},"121":{"start":{"line":122,"column":0},"end":{"line":122,"column":53}},"122":{"start":{"line":123,"column":0},"end":{"line":123,"column":38}},"123":{"start":{"line":124,"column":0},"end":{"line":124,"column":48}},"124":{"start":{"line":125,"column":0},"end":{"line":125,"column":44}},"125":{"start":{"line":126,"column":0},"end":{"line":126,"column":34}},"126":{"start":{"line":127,"column":0},"end":{"line":127,"column":40}},"127":{"start":{"line":128,"column":0},"end":{"line":128,"column":38}},"128":{"start":{"line":129,"column":0},"end":{"line":129,"column":43}},"129":{"start":{"line":130,"column":0},"end":{"line":130,"column":15}},"130":{"start":{"line":131,"column":0},"end":{"line":131,"column":9}},"131":{"start":{"line":132,"column":0},"end":{"line":132,"column":5}},"132":{"start":{"line":133,"column":0},"end":{"line":133,"column":19}},"133":{"start":{"line":134,"column":0},"end":{"line":134,"column":1}},"135":{"start":{"line":136,"column":0},"end":{"line":136,"column":25}},"136":{"start":{"line":137,"column":0},"end":{"line":137,"column":56}},"137":{"start":{"line":138,"column":0},"end":{"line":138,"column":73}},"138":{"start":{"line":139,"column":0},"end":{"line":139,"column":26}},"139":{"start":{"line":140,"column":0},"end":{"line":140,"column":5}},"141":{"start":{"line":142,"column":0},"end":{"line":142,"column":70}},"142":{"start":{"line":143,"column":0},"end":{"line":143,"column":72}},"143":{"start":{"line":144,"column":0},"end":{"line":144,"column":26}},"144":{"start":{"line":145,"column":0},"end":{"line":145,"column":5}},"146":{"start":{"line":147,"column":0},"end":{"line":147,"column":106}},"147":{"start":{"line":148,"column":0},"end":{"line":148,"column":28}},"148":{"start":{"line":149,"column":0},"end":{"line":149,"column":78}},"149":{"start":{"line":150,"column":0},"end":{"line":150,"column":47}},"150":{"start":{"line":151,"column":0},"end":{"line":151,"column":62}},"151":{"start":{"line":152,"column":0},"end":{"line":152,"column":53}},"152":{"start":{"line":153,"column":0},"end":{"line":153,"column":5}},"154":{"start":{"line":155,"column":0},"end":{"line":155,"column":137}},"155":{"start":{"line":156,"column":0},"end":{"line":156,"column":90}},"156":{"start":{"line":157,"column":0},"end":{"line":157,"column":82}},"157":{"start":{"line":158,"column":0},"end":{"line":158,"column":49}},"158":{"start":{"line":159,"column":0},"end":{"line":159,"column":51}},"159":{"start":{"line":160,"column":0},"end":{"line":160,"column":36}},"160":{"start":{"line":161,"column":0},"end":{"line":161,"column":47}},"161":{"start":{"line":162,"column":0},"end":{"line":162,"column":35}},"162":{"start":{"line":163,"column":0},"end":{"line":163,"column":5}},"164":{"start":{"line":165,"column":0},"end":{"line":165,"column":81}},"165":{"start":{"line":166,"column":0},"end":{"line":166,"column":106}},"166":{"start":{"line":167,"column":0},"end":{"line":167,"column":71}},"167":{"start":{"line":168,"column":0},"end":{"line":168,"column":47}},"168":{"start":{"line":169,"column":0},"end":{"line":169,"column":38}},"169":{"start":{"line":170,"column":0},"end":{"line":170,"column":5}},"171":{"start":{"line":172,"column":0},"end":{"line":172,"column":80}},"172":{"start":{"line":173,"column":0},"end":{"line":173,"column":91}},"173":{"start":{"line":174,"column":0},"end":{"line":174,"column":70}},"175":{"start":{"line":176,"column":0},"end":{"line":176,"column":34}},"176":{"start":{"line":177,"column":0},"end":{"line":177,"column":63}},"177":{"start":{"line":178,"column":0},"end":{"line":178,"column":108}},"178":{"start":{"line":179,"column":0},"end":{"line":179,"column":104}},"179":{"start":{"line":180,"column":0},"end":{"line":180,"column":15}},"180":{"start":{"line":181,"column":0},"end":{"line":181,"column":64}},"181":{"start":{"line":182,"column":0},"end":{"line":182,"column":9}},"183":{"start":{"line":184,"column":0},"end":{"line":184,"column":42}},"184":{"start":{"line":185,"column":0},"end":{"line":185,"column":50}},"185":{"start":{"line":186,"column":0},"end":{"line":186,"column":38}},"186":{"start":{"line":187,"column":0},"end":{"line":187,"column":63}},"187":{"start":{"line":188,"column":0},"end":{"line":188,"column":106}},"188":{"start":{"line":189,"column":0},"end":{"line":189,"column":102}},"189":{"start":{"line":190,"column":0},"end":{"line":190,"column":15}},"190":{"start":{"line":191,"column":0},"end":{"line":191,"column":71}},"191":{"start":{"line":192,"column":0},"end":{"line":192,"column":55}},"192":{"start":{"line":193,"column":0},"end":{"line":193,"column":36}},"193":{"start":{"line":194,"column":0},"end":{"line":194,"column":76}},"194":{"start":{"line":195,"column":0},"end":{"line":195,"column":33}},"195":{"start":{"line":196,"column":0},"end":{"line":196,"column":13}},"196":{"start":{"line":197,"column":0},"end":{"line":197,"column":9}},"197":{"start":{"line":198,"column":0},"end":{"line":198,"column":24}},"198":{"start":{"line":199,"column":0},"end":{"line":199,"column":5}},"200":{"start":{"line":201,"column":0},"end":{"line":201,"column":95}},"201":{"start":{"line":202,"column":0},"end":{"line":202,"column":13}},"202":{"start":{"line":203,"column":0},"end":{"line":203,"column":72}},"203":{"start":{"line":204,"column":0},"end":{"line":204,"column":30}},"204":{"start":{"line":205,"column":0},"end":{"line":205,"column":67}},"205":{"start":{"line":206,"column":0},"end":{"line":206,"column":107}},"206":{"start":{"line":207,"column":0},"end":{"line":207,"column":26}},"207":{"start":{"line":208,"column":0},"end":{"line":208,"column":13}},"208":{"start":{"line":209,"column":0},"end":{"line":209,"column":20}},"209":{"start":{"line":210,"column":0},"end":{"line":210,"column":9}},"210":{"start":{"line":211,"column":0},"end":{"line":211,"column":5}},"212":{"start":{"line":213,"column":0},"end":{"line":213,"column":95}},"213":{"start":{"line":214,"column":0},"end":{"line":214,"column":59}},"214":{"start":{"line":215,"column":0},"end":{"line":215,"column":72}},"215":{"start":{"line":216,"column":0},"end":{"line":216,"column":68}},"216":{"start":{"line":217,"column":0},"end":{"line":217,"column":11}},"217":{"start":{"line":218,"column":0},"end":{"line":218,"column":60}},"218":{"start":{"line":219,"column":0},"end":{"line":219,"column":5}},"220":{"start":{"line":221,"column":0},"end":{"line":221,"column":86}},"221":{"start":{"line":222,"column":0},"end":{"line":222,"column":77}},"222":{"start":{"line":223,"column":0},"end":{"line":223,"column":5}},"224":{"start":{"line":225,"column":0},"end":{"line":225,"column":102}},"225":{"start":{"line":226,"column":0},"end":{"line":226,"column":68}},"226":{"start":{"line":227,"column":0},"end":{"line":227,"column":40}},"227":{"start":{"line":228,"column":0},"end":{"line":228,"column":5}},"228":{"start":{"line":229,"column":0},"end":{"line":229,"column":1}}},"s":{"0":1,"3":1,"4":1,"6":102,"7":102,"8":102,"9":102,"10":8,"11":102,"12":94,"13":94,"14":102,"15":102,"16":102,"18":1,"19":25,"20":25,"21":232,"22":227,"23":227,"24":232,"25":3,"26":232,"27":224,"28":224,"29":232,"31":25,"32":25,"33":232,"34":227,"35":232,"36":232,"37":232,"40":232,"41":232,"42":1,"43":1,"44":1,"46":232,"47":232,"48":232,"49":232,"50":232,"51":232,"52":232,"53":232,"54":232,"55":25,"56":25,"58":1,"59":25,"60":3,"61":3,"62":22,"63":1819,"64":1819,"65":1819,"66":1819,"67":1819,"68":1819,"69":1819,"70":1819,"71":22,"72":22,"74":1,"75":12,"76":12,"77":12,"78":60,"79":60,"80":60,"81":60,"82":12,"83":12,"84":12,"85":12,"86":12,"87":12,"88":12,"89":12,"90":12,"91":12,"93":1,"94":7,"95":7,"96":7,"97":7,"98":7,"99":7,"100":7,"101":7,"102":7,"104":7,"105":561,"106":147,"107":147,"108":147,"109":561,"110":25,"111":414,"112":25,"113":389,"114":25,"115":25,"116":364,"117":25,"118":339,"119":147,"120":147,"121":147,"122":147,"123":147,"124":147,"125":147,"126":147,"127":147,"128":147,"129":147,"130":147,"131":561,"132":7,"133":7,"135":1,"136":1,"137":3,"138":2,"139":3,"141":1,"142":5,"143":4,"144":5,"146":1,"147":2,"148":2,"149":2,"150":2,"151":2,"152":2,"154":1,"155":21,"156":21,"157":21,"158":21,"159":21,"160":21,"161":21,"162":21,"164":1,"165":10,"166":10,"167":10,"168":9,"169":10,"171":1,"172":13,"173":13,"175":13,"176":10,"177":10,"178":10,"179":10,"180":9,"181":9,"183":3,"184":11,"185":6,"186":6,"187":6,"188":6,"189":6,"190":6,"191":6,"192":6,"193":60,"194":60,"195":60,"196":6,"197":3,"198":13,"200":1,"201":4,"202":4,"203":4,"204":2,"205":2,"206":2,"207":2,"208":0,"209":0,"210":4,"212":1,"213":4,"214":4,"215":4,"216":4,"217":4,"218":4,"220":1,"221":4,"222":4,"224":1,"225":4,"226":4,"227":4,"228":1},"branchMap":{"0":{"type":"branch","line":7,"loc":{"start":{"line":7,"column":0},"end":{"line":17,"column":1}},"locations":[{"start":{"line":7,"column":0},"end":{"line":17,"column":1}}]},"1":{"type":"branch","line":8,"loc":{"start":{"line":8,"column":23},"end":{"line":16,"column":5}},"locations":[{"start":{"line":8,"column":23},"end":{"line":16,"column":5}}]},"2":{"type":"branch","line":9,"loc":{"start":{"line":9,"column":62},"end":{"line":15,"column":9}},"locations":[{"start":{"line":9,"column":62},"end":{"line":15,"column":9}}]},"3":{"type":"branch","line":10,"loc":{"start":{"line":10,"column":21},"end":{"line":12,"column":19}},"locations":[{"start":{"line":10,"column":21},"end":{"line":12,"column":19}}]},"4":{"type":"branch","line":11,"loc":{"start":{"line":11,"column":33},"end":{"line":11,"column":54}},"locations":[{"start":{"line":11,"column":33},"end":{"line":11,"column":54}}]},"5":{"type":"branch","line":12,"loc":{"start":{"line":12,"column":12},"end":{"line":14,"column":13}},"locations":[{"start":{"line":12,"column":12},"end":{"line":14,"column":13}}]},"6":{"type":"branch","line":19,"loc":{"start":{"line":19,"column":7},"end":{"line":57,"column":1}},"locations":[{"start":{"line":19,"column":7},"end":{"line":57,"column":1}}]},"7":{"type":"branch","line":21,"loc":{"start":{"line":21,"column":53},"end":{"line":30,"column":5}},"locations":[{"start":{"line":21,"column":53},"end":{"line":30,"column":5}}]},"8":{"type":"branch","line":22,"loc":{"start":{"line":22,"column":19},"end":{"line":22,"column":28}},"locations":[{"start":{"line":22,"column":19},"end":{"line":22,"column":28}}]},"9":{"type":"branch","line":22,"loc":{"start":{"line":22,"column":19},"end":{"line":25,"column":42}},"locations":[{"start":{"line":22,"column":19},"end":{"line":25,"column":42}}]},"10":{"type":"branch","line":25,"loc":{"start":{"line":25,"column":37},"end":{"line":25,"column":70}},"locations":[{"start":{"line":25,"column":37},"end":{"line":25,"column":70}}]},"11":{"type":"branch","line":25,"loc":{"start":{"line":25,"column":70},"end":{"line":27,"column":15}},"locations":[{"start":{"line":25,"column":70},"end":{"line":27,"column":15}}]},"12":{"type":"branch","line":27,"loc":{"start":{"line":27,"column":8},"end":{"line":29,"column":9}},"locations":[{"start":{"line":27,"column":8},"end":{"line":29,"column":9}}]},"13":{"type":"branch","line":33,"loc":{"start":{"line":33,"column":54},"end":{"line":55,"column":5}},"locations":[{"start":{"line":33,"column":54},"end":{"line":55,"column":5}}]},"14":{"type":"branch","line":34,"loc":{"start":{"line":34,"column":19},"end":{"line":34,"column":28}},"locations":[{"start":{"line":34,"column":19},"end":{"line":34,"column":28}}]},"15":{"type":"branch","line":34,"loc":{"start":{"line":34,"column":19},"end":{"line":36,"column":45}},"locations":[{"start":{"line":34,"column":19},"end":{"line":36,"column":45}}]},"16":{"type":"branch","line":36,"loc":{"start":{"line":36,"column":39},"end":{"line":36,"column":49}},"locations":[{"start":{"line":36,"column":39},"end":{"line":36,"column":49}}]},"17":{"type":"branch","line":36,"loc":{"start":{"line":36,"column":45},"end":{"line":36,"column":72}},"locations":[{"start":{"line":36,"column":45},"end":{"line":36,"column":72}}]},"18":{"type":"branch","line":37,"loc":{"start":{"line":37,"column":39},"end":{"line":37,"column":49}},"locations":[{"start":{"line":37,"column":39},"end":{"line":37,"column":49}}]},"19":{"type":"branch","line":37,"loc":{"start":{"line":37,"column":45},"end":{"line":37,"column":72}},"locations":[{"start":{"line":37,"column":45},"end":{"line":37,"column":72}}]},"20":{"type":"branch","line":38,"loc":{"start":{"line":38,"column":40},"end":{"line":38,"column":55}},"locations":[{"start":{"line":38,"column":40},"end":{"line":38,"column":55}}]},"21":{"type":"branch","line":38,"loc":{"start":{"line":38,"column":51},"end":{"line":38,"column":64}},"locations":[{"start":{"line":38,"column":51},"end":{"line":38,"column":64}}]},"22":{"type":"branch","line":42,"loc":{"start":{"line":42,"column":25},"end":{"line":45,"column":9}},"locations":[{"start":{"line":42,"column":25},"end":{"line":45,"column":9}}]},"23":{"type":"branch","line":45,"loc":{"start":{"line":45,"column":8},"end":{"line":47,"column":48}},"locations":[{"start":{"line":45,"column":8},"end":{"line":47,"column":48}}]},"24":{"type":"branch","line":47,"loc":{"start":{"line":47,"column":43},"end":{"line":47,"column":64}},"locations":[{"start":{"line":47,"column":43},"end":{"line":47,"column":64}}]},"25":{"type":"branch","line":59,"loc":{"start":{"line":59,"column":7},"end":{"line":73,"column":1}},"locations":[{"start":{"line":59,"column":7},"end":{"line":73,"column":1}}]},"26":{"type":"branch","line":60,"loc":{"start":{"line":60,"column":21},"end":{"line":73,"column":1}},"locations":[{"start":{"line":60,"column":21},"end":{"line":73,"column":1}}]},"27":{"type":"branch","line":60,"loc":{"start":{"line":60,"column":21},"end":{"line":62,"column":5}},"locations":[{"start":{"line":60,"column":21},"end":{"line":62,"column":5}}]},"28":{"type":"branch","line":62,"loc":{"start":{"line":62,"column":4},"end":{"line":73,"column":1}},"locations":[{"start":{"line":62,"column":4},"end":{"line":73,"column":1}}]},"29":{"type":"branch","line":63,"loc":{"start":{"line":63,"column":38},"end":{"line":72,"column":5}},"locations":[{"start":{"line":63,"column":38},"end":{"line":72,"column":5}}]},"30":{"type":"branch","line":75,"loc":{"start":{"line":75,"column":7},"end":{"line":92,"column":1}},"locations":[{"start":{"line":75,"column":7},"end":{"line":92,"column":1}}]},"31":{"type":"branch","line":78,"loc":{"start":{"line":78,"column":32},"end":{"line":82,"column":5}},"locations":[{"start":{"line":78,"column":32},"end":{"line":82,"column":5}}]},"32":{"type":"branch","line":94,"loc":{"start":{"line":94,"column":7},"end":{"line":134,"column":1}},"locations":[{"start":{"line":94,"column":7},"end":{"line":134,"column":1}}]},"33":{"type":"branch","line":105,"loc":{"start":{"line":105,"column":30},"end":{"line":132,"column":5}},"locations":[{"start":{"line":105,"column":30},"end":{"line":132,"column":5}}]},"34":{"type":"branch","line":106,"loc":{"start":{"line":106,"column":41},"end":{"line":110,"column":19}},"locations":[{"start":{"line":106,"column":41},"end":{"line":110,"column":19}}]},"35":{"type":"branch","line":110,"loc":{"start":{"line":110,"column":8},"end":{"line":131,"column":9}},"locations":[{"start":{"line":110,"column":8},"end":{"line":131,"column":9}}]},"36":{"type":"branch","line":110,"loc":{"start":{"line":110,"column":47},"end":{"line":112,"column":19}},"locations":[{"start":{"line":110,"column":47},"end":{"line":112,"column":19}}]},"37":{"type":"branch","line":112,"loc":{"start":{"line":112,"column":8},"end":{"line":131,"column":9}},"locations":[{"start":{"line":112,"column":8},"end":{"line":131,"column":9}}]},"38":{"type":"branch","line":112,"loc":{"start":{"line":112,"column":52},"end":{"line":114,"column":19}},"locations":[{"start":{"line":112,"column":52},"end":{"line":114,"column":19}}]},"39":{"type":"branch","line":114,"loc":{"start":{"line":114,"column":8},"end":{"line":131,"column":9}},"locations":[{"start":{"line":114,"column":8},"end":{"line":131,"column":9}}]},"40":{"type":"branch","line":114,"loc":{"start":{"line":114,"column":52},"end":{"line":117,"column":19}},"locations":[{"start":{"line":114,"column":52},"end":{"line":117,"column":19}}]},"41":{"type":"branch","line":117,"loc":{"start":{"line":117,"column":8},"end":{"line":131,"column":9}},"locations":[{"start":{"line":117,"column":8},"end":{"line":131,"column":9}}]},"42":{"type":"branch","line":117,"loc":{"start":{"line":117,"column":48},"end":{"line":119,"column":19}},"locations":[{"start":{"line":117,"column":48},"end":{"line":119,"column":19}}]},"43":{"type":"branch","line":119,"loc":{"start":{"line":119,"column":8},"end":{"line":131,"column":9}},"locations":[{"start":{"line":119,"column":8},"end":{"line":131,"column":9}}]},"44":{"type":"branch","line":119,"loc":{"start":{"line":119,"column":42},"end":{"line":131,"column":9}},"locations":[{"start":{"line":119,"column":42},"end":{"line":131,"column":9}}]},"45":{"type":"branch","line":137,"loc":{"start":{"line":137,"column":4},"end":{"line":140,"column":5}},"locations":[{"start":{"line":137,"column":4},"end":{"line":140,"column":5}}]},"46":{"type":"branch","line":138,"loc":{"start":{"line":138,"column":71},"end":{"line":139,"column":26}},"locations":[{"start":{"line":138,"column":71},"end":{"line":139,"column":26}}]},"47":{"type":"branch","line":142,"loc":{"start":{"line":142,"column":4},"end":{"line":145,"column":5}},"locations":[{"start":{"line":142,"column":4},"end":{"line":145,"column":5}}]},"48":{"type":"branch","line":143,"loc":{"start":{"line":143,"column":70},"end":{"line":144,"column":26}},"locations":[{"start":{"line":143,"column":70},"end":{"line":144,"column":26}}]},"49":{"type":"branch","line":147,"loc":{"start":{"line":147,"column":4},"end":{"line":153,"column":5}},"locations":[{"start":{"line":147,"column":4},"end":{"line":153,"column":5}}]},"50":{"type":"branch","line":152,"loc":{"start":{"line":152,"column":44},"end":{"line":152,"column":53}},"locations":[{"start":{"line":152,"column":44},"end":{"line":152,"column":53}}]},"51":{"type":"branch","line":155,"loc":{"start":{"line":155,"column":4},"end":{"line":163,"column":5}},"locations":[{"start":{"line":155,"column":4},"end":{"line":163,"column":5}}]},"52":{"type":"branch","line":158,"loc":{"start":{"line":158,"column":19},"end":{"line":158,"column":49}},"locations":[{"start":{"line":158,"column":19},"end":{"line":158,"column":49}}]},"53":{"type":"branch","line":159,"loc":{"start":{"line":159,"column":20},"end":{"line":159,"column":51}},"locations":[{"start":{"line":159,"column":20},"end":{"line":159,"column":51}}]},"54":{"type":"branch","line":165,"loc":{"start":{"line":165,"column":4},"end":{"line":170,"column":5}},"locations":[{"start":{"line":165,"column":4},"end":{"line":170,"column":5}}]},"55":{"type":"branch","line":168,"loc":{"start":{"line":168,"column":45},"end":{"line":169,"column":38}},"locations":[{"start":{"line":168,"column":45},"end":{"line":169,"column":38}}]},"56":{"type":"branch","line":172,"loc":{"start":{"line":172,"column":4},"end":{"line":199,"column":5}},"locations":[{"start":{"line":172,"column":4},"end":{"line":199,"column":5}}]},"57":{"type":"branch","line":176,"loc":{"start":{"line":176,"column":33},"end":{"line":182,"column":9}},"locations":[{"start":{"line":176,"column":33},"end":{"line":182,"column":9}}]},"58":{"type":"branch","line":180,"loc":{"start":{"line":180,"column":13},"end":{"line":182,"column":9}},"locations":[{"start":{"line":180,"column":13},"end":{"line":182,"column":9}}]},"59":{"type":"branch","line":182,"loc":{"start":{"line":182,"column":8},"end":{"line":198,"column":24}},"locations":[{"start":{"line":182,"column":8},"end":{"line":198,"column":24}}]},"60":{"type":"branch","line":182,"loc":{"start":{"line":182,"column":8},"end":{"line":185,"column":49}},"locations":[{"start":{"line":182,"column":8},"end":{"line":185,"column":49}}]},"61":{"type":"branch","line":185,"loc":{"start":{"line":185,"column":49},"end":{"line":197,"column":9}},"locations":[{"start":{"line":185,"column":49},"end":{"line":197,"column":9}}]},"62":{"type":"branch","line":193,"loc":{"start":{"line":193,"column":35},"end":{"line":196,"column":13}},"locations":[{"start":{"line":193,"column":35},"end":{"line":196,"column":13}}]},"63":{"type":"branch","line":197,"loc":{"start":{"line":197,"column":8},"end":{"line":198,"column":24}},"locations":[{"start":{"line":197,"column":8},"end":{"line":198,"column":24}}]},"64":{"type":"branch","line":173,"loc":{"start":{"line":173,"column":81},"end":{"line":173,"column":89}},"locations":[{"start":{"line":173,"column":81},"end":{"line":173,"column":89}}]},"65":{"type":"branch","line":201,"loc":{"start":{"line":201,"column":4},"end":{"line":211,"column":5}},"locations":[{"start":{"line":201,"column":4},"end":{"line":211,"column":5}}]},"66":{"type":"branch","line":204,"loc":{"start":{"line":204,"column":8},"end":{"line":210,"column":9}},"locations":[{"start":{"line":204,"column":8},"end":{"line":210,"column":9}}]},"67":{"type":"branch","line":205,"loc":{"start":{"line":205,"column":47},"end":{"line":205,"column":67}},"locations":[{"start":{"line":205,"column":47},"end":{"line":205,"column":67}}]},"68":{"type":"branch","line":206,"loc":{"start":{"line":206,"column":45},"end":{"line":206,"column":82}},"locations":[{"start":{"line":206,"column":45},"end":{"line":206,"column":82}}]},"69":{"type":"branch","line":206,"loc":{"start":{"line":206,"column":77},"end":{"line":206,"column":106}},"locations":[{"start":{"line":206,"column":77},"end":{"line":206,"column":106}}]},"70":{"type":"branch","line":208,"loc":{"start":{"line":208,"column":12},"end":{"line":210,"column":9}},"locations":[{"start":{"line":208,"column":12},"end":{"line":210,"column":9}}]},"71":{"type":"branch","line":213,"loc":{"start":{"line":213,"column":4},"end":{"line":219,"column":5}},"locations":[{"start":{"line":213,"column":4},"end":{"line":219,"column":5}}]},"72":{"type":"branch","line":221,"loc":{"start":{"line":221,"column":4},"end":{"line":223,"column":5}},"locations":[{"start":{"line":221,"column":4},"end":{"line":223,"column":5}}]},"73":{"type":"branch","line":225,"loc":{"start":{"line":225,"column":4},"end":{"line":228,"column":5}},"locations":[{"start":{"line":225,"column":4},"end":{"line":228,"column":5}}]}},"b":{"0":[102],"1":[102],"2":[102],"3":[8],"4":[2],"5":[94],"6":[25],"7":[232],"8":[5],"9":[227],"10":[225],"11":[3],"12":[224],"13":[232],"14":[5],"15":[227],"16":[8],"17":[219],"18":[8],"19":[219],"20":[225],"21":[2],"22":[1],"23":[227],"24":[0],"25":[25],"26":[23],"27":[3],"28":[22],"29":[1819],"30":[12],"31":[60],"32":[7],"33":[561],"34":[147],"35":[414],"36":[25],"37":[389],"38":[25],"39":[364],"40":[25],"41":[339],"42":[25],"43":[314],"44":[147],"45":[3],"46":[2],"47":[5],"48":[4],"49":[2],"50":[0],"51":[21],"52":[4],"53":[3],"54":[10],"55":[9],"56":[13],"57":[10],"58":[9],"59":[11],"60":[3],"61":[6],"62":[60],"63":[3],"64":[1],"65":[4],"66":[2],"67":[0],"68":[1],"69":[1],"70":[0],"71":[4],"72":[4],"73":[4]},"fnMap":{"0":{"name":"exec","decl":{"start":{"line":7,"column":0},"end":{"line":17,"column":1}},"loc":{"start":{"line":7,"column":0},"end":{"line":17,"column":1}},"line":7},"1":{"name":"parseStatusAndNumstat","decl":{"start":{"line":19,"column":7},"end":{"line":57,"column":1}},"loc":{"start":{"line":19,"column":7},"end":{"line":57,"column":1}},"line":19},"2":{"name":"parseLogOutput","decl":{"start":{"line":59,"column":7},"end":{"line":73,"column":1}},"loc":{"start":{"line":59,"column":7},"end":{"line":73,"column":1}},"line":59},"3":{"name":"parseCommitDetail","decl":{"start":{"line":75,"column":7},"end":{"line":92,"column":1}},"loc":{"start":{"line":75,"column":7},"end":{"line":92,"column":1}},"line":75},"4":{"name":"parseBlameOutput","decl":{"start":{"line":94,"column":7},"end":{"line":134,"column":1}},"loc":{"start":{"line":94,"column":7},"end":{"line":134,"column":1}},"line":94},"5":{"name":"getRepoRoot","decl":{"start":{"line":137,"column":4},"end":{"line":140,"column":5}},"loc":{"start":{"line":137,"column":4},"end":{"line":140,"column":5}},"line":137},"6":{"name":"resolveRef","decl":{"start":{"line":142,"column":4},"end":{"line":145,"column":5}},"loc":{"start":{"line":142,"column":4},"end":{"line":145,"column":5}},"line":142},"7":{"name":"getPreviousFileCommit","decl":{"start":{"line":147,"column":4},"end":{"line":153,"column":5}},"loc":{"start":{"line":147,"column":4},"end":{"line":153,"column":5}},"line":147},"8":{"name":"getLog","decl":{"start":{"line":155,"column":4},"end":{"line":163,"column":5}},"loc":{"start":{"line":155,"column":4},"end":{"line":163,"column":5}},"line":155},"9":{"name":"getCommitDetail","decl":{"start":{"line":165,"column":4},"end":{"line":170,"column":5}},"loc":{"start":{"line":165,"column":4},"end":{"line":170,"column":5}},"line":165},"10":{"name":"getCommitFiles","decl":{"start":{"line":172,"column":4},"end":{"line":199,"column":5}},"loc":{"start":{"line":172,"column":4},"end":{"line":199,"column":5}},"line":172},"11":{"name":"getFileAtRevision","decl":{"start":{"line":201,"column":4},"end":{"line":211,"column":5}},"loc":{"start":{"line":201,"column":4},"end":{"line":211,"column":5}},"line":201},"12":{"name":"getDiffBetween","decl":{"start":{"line":213,"column":4},"end":{"line":219,"column":5}},"loc":{"start":{"line":213,"column":4},"end":{"line":219,"column":5}},"line":213},"13":{"name":"blameRaw","decl":{"start":{"line":221,"column":4},"end":{"line":223,"column":5}},"loc":{"start":{"line":221,"column":4},"end":{"line":223,"column":5}},"line":221},"14":{"name":"blameStructured","decl":{"start":{"line":225,"column":4},"end":{"line":228,"column":5}},"loc":{"start":{"line":225,"column":4},"end":{"line":228,"column":5}},"line":225}},"f":{"0":102,"1":25,"2":25,"3":12,"4":7,"5":3,"6":5,"7":2,"8":21,"9":10,"10":13,"11":4,"12":4,"13":4,"14":4}}
,"/workspace/src/messageHandler.ts": {"path":"/workspace/src/messageHandler.ts","all":false,"statementMap":{"0":{"start":{"line":1,"column":0},"end":{"line":1,"column":29}},"25":{"start":{"line":26,"column":0},"end":{"line":26,"column":29}},"26":{"start":{"line":27,"column":0},"end":{"line":27,"column":16}},"27":{"start":{"line":28,"column":0},"end":{"line":28,"column":39}},"28":{"start":{"line":29,"column":0},"end":{"line":29,"column":38}},"29":{"start":{"line":30,"column":0},"end":{"line":30,"column":39}},"30":{"start":{"line":31,"column":0},"end":{"line":31,"column":43}},"31":{"start":{"line":32,"column":0},"end":{"line":32,"column":33}},"32":{"start":{"line":33,"column":0},"end":{"line":33,"column":43}},"33":{"start":{"line":34,"column":0},"end":{"line":34,"column":8}},"35":{"start":{"line":36,"column":0},"end":{"line":36,"column":47}},"36":{"start":{"line":37,"column":0},"end":{"line":37,"column":48}},"37":{"start":{"line":38,"column":0},"end":{"line":38,"column":13}},"38":{"start":{"line":39,"column":0},"end":{"line":39,"column":35}},"39":{"start":{"line":40,"column":0},"end":{"line":40,"column":38}},"40":{"start":{"line":41,"column":0},"end":{"line":41,"column":78}},"41":{"start":{"line":42,"column":0},"end":{"line":42,"column":26}},"42":{"start":{"line":43,"column":0},"end":{"line":43,"column":44}},"43":{"start":{"line":44,"column":0},"end":{"line":44,"column":90}},"44":{"start":{"line":45,"column":0},"end":{"line":45,"column":26}},"45":{"start":{"line":46,"column":0},"end":{"line":46,"column":43}},"46":{"start":{"line":47,"column":0},"end":{"line":47,"column":88}},"47":{"start":{"line":48,"column":0},"end":{"line":48,"column":26}},"48":{"start":{"line":49,"column":0},"end":{"line":49,"column":29}},"49":{"start":{"line":50,"column":0},"end":{"line":50,"column":81}},"50":{"start":{"line":51,"column":0},"end":{"line":51,"column":26}},"51":{"start":{"line":52,"column":0},"end":{"line":52,"column":40}},"52":{"start":{"line":53,"column":0},"end":{"line":53,"column":89}},"53":{"start":{"line":54,"column":0},"end":{"line":54,"column":26}},"54":{"start":{"line":55,"column":0},"end":{"line":55,"column":43}},"55":{"start":{"line":56,"column":0},"end":{"line":56,"column":55}},"56":{"start":{"line":57,"column":0},"end":{"line":57,"column":26}},"57":{"start":{"line":58,"column":0},"end":{"line":58,"column":35}},"58":{"start":{"line":59,"column":0},"end":{"line":59,"column":72}},"59":{"start":{"line":60,"column":0},"end":{"line":60,"column":26}},"60":{"start":{"line":61,"column":0},"end":{"line":61,"column":35}},"61":{"start":{"line":62,"column":0},"end":{"line":62,"column":74}},"62":{"start":{"line":63,"column":0},"end":{"line":63,"column":26}},"63":{"start":{"line":64,"column":0},"end":{"line":64,"column":40}},"64":{"start":{"line":65,"column":0},"end":{"line":65,"column":52}},"65":{"start":{"line":66,"column":0},"end":{"line":66,"column":26}},"66":{"start":{"line":67,"column":0},"end":{"line":67,"column":13}},"67":{"start":{"line":68,"column":0},"end":{"line":68,"column":30}},"68":{"start":{"line":69,"column":0},"end":{"line":69,"column":70}},"69":{"start":{"line":70,"column":0},"end":{"line":70,"column":72}},"70":{"start":{"line":71,"column":0},"end":{"line":71,"column":9}},"71":{"start":{"line":72,"column":0},"end":{"line":72,"column":5}},"73":{"start":{"line":74,"column":0},"end":{"line":74,"column":79}},"74":{"start":{"line":75,"column":0},"end":{"line":75,"column":62}},"75":{"start":{"line":76,"column":0},"end":{"line":76,"column":70}},"76":{"start":{"line":77,"column":0},"end":{"line":77,"column":53}},"77":{"start":{"line":78,"column":0},"end":{"line":78,"column":26}},"78":{"start":{"line":79,"column":0},"end":{"line":79,"column":32}},"79":{"start":{"line":80,"column":0},"end":{"line":80,"column":23}},"80":{"start":{"line":81,"column":0},"end":{"line":81,"column":22}},"81":{"start":{"line":82,"column":0},"end":{"line":82,"column":22}},"82":{"start":{"line":83,"column":0},"end":{"line":83,"column":23}},"83":{"start":{"line":84,"column":0},"end":{"line":84,"column":10}},"84":{"start":{"line":85,"column":0},"end":{"line":85,"column":33}},"85":{"start":{"line":86,"column":0},"end":{"line":86,"column":34}},"86":{"start":{"line":87,"column":0},"end":{"line":87,"column":20}},"87":{"start":{"line":88,"column":0},"end":{"line":88,"column":50}},"88":{"start":{"line":89,"column":0},"end":{"line":89,"column":11}},"89":{"start":{"line":90,"column":0},"end":{"line":90,"column":5}},"91":{"start":{"line":92,"column":0},"end":{"line":92,"column":91}},"92":{"start":{"line":93,"column":0},"end":{"line":93,"column":51}},"93":{"start":{"line":94,"column":0},"end":{"line":94,"column":68}},"94":{"start":{"line":95,"column":0},"end":{"line":95,"column":67}},"95":{"start":{"line":96,"column":0},"end":{"line":96,"column":11}},"96":{"start":{"line":97,"column":0},"end":{"line":97,"column":33}},"97":{"start":{"line":98,"column":0},"end":{"line":98,"column":40}},"98":{"start":{"line":99,"column":0},"end":{"line":99,"column":19}},"99":{"start":{"line":100,"column":0},"end":{"line":100,"column":18}},"100":{"start":{"line":101,"column":0},"end":{"line":101,"column":11}},"101":{"start":{"line":102,"column":0},"end":{"line":102,"column":5}},"103":{"start":{"line":104,"column":0},"end":{"line":104,"column":89}},"104":{"start":{"line":105,"column":0},"end":{"line":105,"column":50}},"105":{"start":{"line":106,"column":0},"end":{"line":106,"column":27}},"106":{"start":{"line":107,"column":0},"end":{"line":107,"column":17}},"107":{"start":{"line":108,"column":0},"end":{"line":108,"column":74}},"108":{"start":{"line":109,"column":0},"end":{"line":109,"column":57}},"109":{"start":{"line":110,"column":0},"end":{"line":110,"column":18}},"110":{"start":{"line":111,"column":0},"end":{"line":111,"column":29}},"111":{"start":{"line":112,"column":0},"end":{"line":112,"column":9}},"112":{"start":{"line":113,"column":0},"end":{"line":113,"column":39}},"113":{"start":{"line":114,"column":0},"end":{"line":114,"column":83}},"114":{"start":{"line":115,"column":0},"end":{"line":115,"column":10}},"115":{"start":{"line":116,"column":0},"end":{"line":116,"column":5}},"117":{"start":{"line":118,"column":0},"end":{"line":118,"column":82}},"118":{"start":{"line":119,"column":0},"end":{"line":119,"column":66}},"119":{"start":{"line":120,"column":0},"end":{"line":120,"column":5}},"121":{"start":{"line":122,"column":0},"end":{"line":122,"column":90}},"122":{"start":{"line":123,"column":0},"end":{"line":123,"column":71}},"123":{"start":{"line":124,"column":0},"end":{"line":124,"column":88}},"124":{"start":{"line":125,"column":0},"end":{"line":125,"column":73}},"125":{"start":{"line":126,"column":0},"end":{"line":126,"column":19}},"126":{"start":{"line":127,"column":0},"end":{"line":127,"column":9}},"127":{"start":{"line":128,"column":0},"end":{"line":128,"column":65}},"128":{"start":{"line":129,"column":0},"end":{"line":129,"column":5}},"130":{"start":{"line":131,"column":0},"end":{"line":131,"column":58}},"131":{"start":{"line":132,"column":0},"end":{"line":132,"column":49}},"132":{"start":{"line":133,"column":0},"end":{"line":133,"column":35}},"133":{"start":{"line":134,"column":0},"end":{"line":134,"column":61}},"134":{"start":{"line":135,"column":0},"end":{"line":135,"column":70}},"135":{"start":{"line":136,"column":0},"end":{"line":136,"column":65}},"136":{"start":{"line":137,"column":0},"end":{"line":137,"column":65}},"137":{"start":{"line":138,"column":0},"end":{"line":138,"column":11}},"138":{"start":{"line":139,"column":0},"end":{"line":139,"column":33}},"139":{"start":{"line":140,"column":0},"end":{"line":140,"column":39}},"140":{"start":{"line":141,"column":0},"end":{"line":141,"column":18}},"141":{"start":{"line":142,"column":0},"end":{"line":142,"column":20}},"142":{"start":{"line":143,"column":0},"end":{"line":143,"column":20}},"143":{"start":{"line":144,"column":0},"end":{"line":144,"column":11}},"144":{"start":{"line":145,"column":0},"end":{"line":145,"column":5}},"146":{"start":{"line":147,"column":0},"end":{"line":147,"column":73}},"147":{"start":{"line":148,"column":0},"end":{"line":148,"column":49}},"148":{"start":{"line":149,"column":0},"end":{"line":149,"column":35}},"149":{"start":{"line":150,"column":0},"end":{"line":150,"column":90}},"150":{"start":{"line":151,"column":0},"end":{"line":151,"column":5}},"152":{"start":{"line":153,"column":0},"end":{"line":153,"column":75}},"153":{"start":{"line":154,"column":0},"end":{"line":154,"column":59}},"154":{"start":{"line":155,"column":0},"end":{"line":155,"column":5}},"156":{"start":{"line":157,"column":0},"end":{"line":157,"column":55}},"157":{"start":{"line":158,"column":0},"end":{"line":158,"column":62}},"158":{"start":{"line":159,"column":0},"end":{"line":159,"column":48}},"160":{"start":{"line":161,"column":0},"end":{"line":161,"column":105}},"162":{"start":{"line":163,"column":0},"end":{"line":163,"column":68}},"163":{"start":{"line":164,"column":0},"end":{"line":164,"column":52}},"164":{"start":{"line":165,"column":0},"end":{"line":165,"column":64}},"165":{"start":{"line":166,"column":0},"end":{"line":166,"column":10}},"166":{"start":{"line":167,"column":0},"end":{"line":167,"column":58}},"167":{"start":{"line":168,"column":0},"end":{"line":168,"column":57}},"168":{"start":{"line":169,"column":0},"end":{"line":169,"column":53}},"169":{"start":{"line":170,"column":0},"end":{"line":170,"column":48}},"170":{"start":{"line":171,"column":0},"end":{"line":171,"column":9}},"172":{"start":{"line":173,"column":0},"end":{"line":173,"column":33}},"173":{"start":{"line":174,"column":0},"end":{"line":174,"column":36}},"174":{"start":{"line":175,"column":0},"end":{"line":175,"column":30}},"175":{"start":{"line":176,"column":0},"end":{"line":176,"column":20}},"176":{"start":{"line":177,"column":0},"end":{"line":177,"column":11}},"177":{"start":{"line":178,"column":0},"end":{"line":178,"column":5}},"178":{"start":{"line":179,"column":0},"end":{"line":179,"column":1}}},"s":{"0":1,"25":1,"26":1,"27":16,"28":16,"29":16,"30":16,"31":16,"32":16,"33":16,"35":1,"36":16,"37":16,"38":16,"39":16,"40":3,"41":3,"42":16,"43":2,"44":1,"45":16,"46":2,"47":2,"48":16,"49":1,"50":1,"51":16,"52":2,"53":2,"54":16,"55":2,"56":2,"57":16,"58":1,"59":1,"60":16,"61":1,"62":1,"63":16,"64":2,"65":2,"66":16,"67":16,"68":1,"69":1,"70":1,"71":16,"73":1,"74":3,"75":3,"76":3,"77":3,"78":3,"79":3,"80":3,"81":3,"82":3,"83":3,"84":3,"85":3,"86":3,"87":3,"88":3,"89":3,"91":1,"92":2,"93":2,"94":2,"95":2,"96":1,"97":1,"98":1,"99":1,"100":1,"101":2,"103":1,"104":2,"105":2,"106":1,"107":1,"108":1,"109":1,"110":1,"111":1,"112":2,"113":2,"114":2,"115":2,"117":1,"118":1,"119":1,"121":1,"122":2,"123":1,"124":1,"125":1,"126":1,"127":1,"128":2,"130":1,"131":2,"132":2,"133":1,"134":1,"135":1,"136":1,"137":1,"138":1,"139":1,"140":1,"141":1,"142":1,"143":1,"144":2,"146":1,"147":1,"148":1,"149":1,"150":1,"152":1,"153":1,"154":1,"156":1,"157":2,"158":2,"160":1,"162":1,"163":1,"164":1,"165":1,"166":1,"167":1,"168":1,"169":1,"170":1,"172":1,"173":1,"174":1,"175":1,"176":1,"177":2,"178":1},"branchMap":{"0":{"type":"branch","line":27,"loc":{"start":{"line":27,"column":4},"end":{"line":34,"column":8}},"locations":[{"start":{"line":27,"column":4},"end":{"line":34,"column":8}}]},"1":{"type":"branch","line":36,"loc":{"start":{"line":36,"column":4},"end":{"line":72,"column":5}},"locations":[{"start":{"line":36,"column":4},"end":{"line":72,"column":5}}]},"2":{"type":"branch","line":40,"loc":{"start":{"line":40,"column":16},"end":{"line":42,"column":26}},"locations":[{"start":{"line":40,"column":16},"end":{"line":42,"column":26}}]},"3":{"type":"branch","line":43,"loc":{"start":{"line":43,"column":16},"end":{"line":45,"column":26}},"locations":[{"start":{"line":43,"column":16},"end":{"line":45,"column":26}}]},"4":{"type":"branch","line":44,"loc":{"start":{"line":44,"column":88},"end":{"line":45,"column":26}},"locations":[{"start":{"line":44,"column":88},"end":{"line":45,"column":26}}]},"5":{"type":"branch","line":46,"loc":{"start":{"line":46,"column":16},"end":{"line":48,"column":26}},"locations":[{"start":{"line":46,"column":16},"end":{"line":48,"column":26}}]},"6":{"type":"branch","line":49,"loc":{"start":{"line":49,"column":16},"end":{"line":51,"column":26}},"locations":[{"start":{"line":49,"column":16},"end":{"line":51,"column":26}}]},"7":{"type":"branch","line":52,"loc":{"start":{"line":52,"column":16},"end":{"line":54,"column":26}},"locations":[{"start":{"line":52,"column":16},"end":{"line":54,"column":26}}]},"8":{"type":"branch","line":55,"loc":{"start":{"line":55,"column":16},"end":{"line":57,"column":26}},"locations":[{"start":{"line":55,"column":16},"end":{"line":57,"column":26}}]},"9":{"type":"branch","line":58,"loc":{"start":{"line":58,"column":16},"end":{"line":60,"column":26}},"locations":[{"start":{"line":58,"column":16},"end":{"line":60,"column":26}}]},"10":{"type":"branch","line":61,"loc":{"start":{"line":61,"column":16},"end":{"line":63,"column":26}},"locations":[{"start":{"line":61,"column":16},"end":{"line":63,"column":26}}]},"11":{"type":"branch","line":64,"loc":{"start":{"line":64,"column":16},"end":{"line":66,"column":26}},"locations":[{"start":{"line":64,"column":16},"end":{"line":66,"column":26}}]},"12":{"type":"branch","line":68,"loc":{"start":{"line":68,"column":8},"end":{"line":71,"column":9}},"locations":[{"start":{"line":68,"column":8},"end":{"line":71,"column":9}}]},"13":{"type":"branch","line":69,"loc":{"start":{"line":69,"column":50},"end":{"line":69,"column":70}},"locations":[{"start":{"line":69,"column":50},"end":{"line":69,"column":70}}]},"14":{"type":"branch","line":74,"loc":{"start":{"line":74,"column":4},"end":{"line":90,"column":5}},"locations":[{"start":{"line":74,"column":4},"end":{"line":90,"column":5}}]},"15":{"type":"branch","line":75,"loc":{"start":{"line":75,"column":45},"end":{"line":75,"column":62}},"locations":[{"start":{"line":75,"column":45},"end":{"line":75,"column":62}}]},"16":{"type":"branch","line":92,"loc":{"start":{"line":92,"column":4},"end":{"line":102,"column":5}},"locations":[{"start":{"line":92,"column":4},"end":{"line":102,"column":5}}]},"17":{"type":"branch","line":96,"loc":{"start":{"line":96,"column":9},"end":{"line":101,"column":11}},"locations":[{"start":{"line":96,"column":9},"end":{"line":101,"column":11}}]},"18":{"type":"branch","line":104,"loc":{"start":{"line":104,"column":4},"end":{"line":116,"column":5}},"locations":[{"start":{"line":104,"column":4},"end":{"line":116,"column":5}}]},"19":{"type":"branch","line":105,"loc":{"start":{"line":105,"column":30},"end":{"line":105,"column":50}},"locations":[{"start":{"line":105,"column":30},"end":{"line":105,"column":50}}]},"20":{"type":"branch","line":106,"loc":{"start":{"line":106,"column":26},"end":{"line":112,"column":9}},"locations":[{"start":{"line":106,"column":26},"end":{"line":112,"column":9}}]},"21":{"type":"branch","line":111,"loc":{"start":{"line":111,"column":12},"end":{"line":111,"column":29}},"locations":[{"start":{"line":111,"column":12},"end":{"line":111,"column":29}}]},"22":{"type":"branch","line":114,"loc":{"start":{"line":114,"column":12},"end":{"line":114,"column":36}},"locations":[{"start":{"line":114,"column":12},"end":{"line":114,"column":36}}]},"23":{"type":"branch","line":118,"loc":{"start":{"line":118,"column":4},"end":{"line":120,"column":5}},"locations":[{"start":{"line":118,"column":4},"end":{"line":120,"column":5}}]},"24":{"type":"branch","line":122,"loc":{"start":{"line":122,"column":4},"end":{"line":129,"column":5}},"locations":[{"start":{"line":122,"column":4},"end":{"line":129,"column":5}}]},"25":{"type":"branch","line":123,"loc":{"start":{"line":123,"column":30},"end":{"line":123,"column":70}},"locations":[{"start":{"line":123,"column":30},"end":{"line":123,"column":70}}]},"26":{"type":"branch","line":123,"loc":{"start":{"line":123,"column":70},"end":{"line":128,"column":65}},"locations":[{"start":{"line":123,"column":70},"end":{"line":128,"column":65}}]},"27":{"type":"branch","line":131,"loc":{"start":{"line":131,"column":4},"end":{"line":145,"column":5}},"locations":[{"start":{"line":131,"column":4},"end":{"line":145,"column":5}}]},"28":{"type":"branch","line":133,"loc":{"start":{"line":133,"column":13},"end":{"line":133,"column":28}},"locations":[{"start":{"line":133,"column":13},"end":{"line":133,"column":28}}]},"29":{"type":"branch","line":133,"loc":{"start":{"line":133,"column":28},"end":{"line":144,"column":11}},"locations":[{"start":{"line":133,"column":28},"end":{"line":144,"column":11}}]},"30":{"type":"branch","line":147,"loc":{"start":{"line":147,"column":4},"end":{"line":151,"column":5}},"locations":[{"start":{"line":147,"column":4},"end":{"line":151,"column":5}}]},"31":{"type":"branch","line":149,"loc":{"start":{"line":149,"column":28},"end":{"line":149,"column":35}},"locations":[{"start":{"line":149,"column":28},"end":{"line":149,"column":35}}]},"32":{"type":"branch","line":153,"loc":{"start":{"line":153,"column":4},"end":{"line":155,"column":5}},"locations":[{"start":{"line":153,"column":4},"end":{"line":155,"column":5}}]},"33":{"type":"branch","line":157,"loc":{"start":{"line":157,"column":4},"end":{"line":178,"column":5}},"locations":[{"start":{"line":157,"column":4},"end":{"line":178,"column":5}}]},"34":{"type":"branch","line":159,"loc":{"start":{"line":159,"column":13},"end":{"line":159,"column":41}},"locations":[{"start":{"line":159,"column":13},"end":{"line":159,"column":41}}]},"35":{"type":"branch","line":159,"loc":{"start":{"line":159,"column":41},"end":{"line":177,"column":11}},"locations":[{"start":{"line":159,"column":41},"end":{"line":177,"column":11}}]},"36":{"type":"branch","line":163,"loc":{"start":{"line":163,"column":54},"end":{"line":163,"column":64}},"locations":[{"start":{"line":163,"column":54},"end":{"line":163,"column":64}}]},"37":{"type":"branch","line":164,"loc":{"start":{"line":164,"column":46},"end":{"line":165,"column":64}},"locations":[{"start":{"line":164,"column":46},"end":{"line":165,"column":64}}]}},"b":{"0":[16],"1":[16],"2":[3],"3":[2],"4":[1],"5":[2],"6":[1],"7":[2],"8":[2],"9":[1],"10":[1],"11":[2],"12":[1],"13":[0],"14":[3],"15":[0],"16":[2],"17":[1],"18":[2],"19":[1],"20":[1],"21":[0],"22":[0],"23":[1],"24":[2],"25":[1],"26":[1],"27":[2],"28":[1],"29":[1],"30":[1],"31":[0],"32":[1],"33":[2],"34":[1],"35":[1],"36":[23],"37":[1]},"fnMap":{"0":{"name":"MessageHandler","decl":{"start":{"line":27,"column":4},"end":{"line":34,"column":8}},"loc":{"start":{"line":27,"column":4},"end":{"line":34,"column":8}},"line":27},"1":{"name":"handle","decl":{"start":{"line":36,"column":4},"end":{"line":72,"column":5}},"loc":{"start":{"line":36,"column":4},"end":{"line":72,"column":5}},"line":36},"2":{"name":"onRequestCommits","decl":{"start":{"line":74,"column":4},"end":{"line":90,"column":5}},"loc":{"start":{"line":74,"column":4},"end":{"line":90,"column":5}},"line":74},"3":{"name":"onRequestCommitDetails","decl":{"start":{"line":92,"column":4},"end":{"line":102,"column":5}},"loc":{"start":{"line":92,"column":4},"end":{"line":102,"column":5}},"line":92},"4":{"name":"onCompareWithPrevious","decl":{"start":{"line":104,"column":4},"end":{"line":116,"column":5}},"loc":{"start":{"line":104,"column":4},"end":{"line":116,"column":5}},"line":104},"5":{"name":"onBlame","decl":{"start":{"line":118,"column":4},"end":{"line":120,"column":5}},"loc":{"start":{"line":118,"column":4},"end":{"line":120,"column":5}},"line":118},"6":{"name":"onCompareRevisions","decl":{"start":{"line":122,"column":4},"end":{"line":129,"column":5}},"loc":{"start":{"line":122,"column":4},"end":{"line":129,"column":5}},"line":122},"7":{"name":"onRequestCompareFiles","decl":{"start":{"line":131,"column":4},"end":{"line":145,"column":5}},"loc":{"start":{"line":131,"column":4},"end":{"line":145,"column":5}},"line":131},"8":{"name":"onCompareFile","decl":{"start":{"line":147,"column":4},"end":{"line":151,"column":5}},"loc":{"start":{"line":147,"column":4},"end":{"line":151,"column":5}},"line":147},"9":{"name":"onShowFileLog","decl":{"start":{"line":153,"column":4},"end":{"line":155,"column":5}},"loc":{"start":{"line":153,"column":4},"end":{"line":155,"column":5}},"line":153},"10":{"name":"onRequestBlameData","decl":{"start":{"line":157,"column":4},"end":{"line":178,"column":5}},"loc":{"start":{"line":157,"column":4},"end":{"line":178,"column":5}},"line":157}},"f":{"0":16,"1":16,"2":3,"3":2,"4":2,"5":1,"6":2,"7":2,"8":1,"9":1,"10":2}}
,"/workspace/src/utils.ts": {"path":"/workspace/src/utils.ts","all":false,"statementMap":{"0":{"start":{"line":1,"column":0},"end":{"line":1,"column":57}},"1":{"start":{"line":2,"column":0},"end":{"line":2,"column":81}},"2":{"start":{"line":3,"column":0},"end":{"line":3,"column":1}}},"s":{"0":1,"1":8,"2":8},"branchMap":{"0":{"type":"branch","line":1,"loc":{"start":{"line":1,"column":7},"end":{"line":3,"column":1}},"locations":[{"start":{"line":1,"column":7},"end":{"line":3,"column":1}}]}},"b":{"0":[8]},"fnMap":{"0":{"name":"safeJsonStringify","decl":{"start":{"line":1,"column":7},"end":{"line":3,"column":1}},"loc":{"start":{"line":1,"column":7},"end":{"line":3,"column":1}},"line":1}},"f":{"0":8}}
,"/workspace/webview/utils.ts": {"path":"/workspace/webview/utils.ts","all":false,"statementMap":{"0":{"start":{"line":1,"column":0},"end":{"line":1,"column":73}},"1":{"start":{"line":2,"column":0},"end":{"line":2,"column":36}},"2":{"start":{"line":3,"column":0},"end":{"line":3,"column":26}},"3":{"start":{"line":4,"column":0},"end":{"line":4,"column":26}},"4":{"start":{"line":5,"column":0},"end":{"line":5,"column":63}},"5":{"start":{"line":6,"column":0},"end":{"line":6,"column":43}},"6":{"start":{"line":7,"column":0},"end":{"line":7,"column":9}},"7":{"start":{"line":8,"column":0},"end":{"line":8,"column":30}},"8":{"start":{"line":9,"column":0},"end":{"line":9,"column":30}},"9":{"start":{"line":10,"column":0},"end":{"line":10,"column":65}},"10":{"start":{"line":11,"column":0},"end":{"line":11,"column":7}},"11":{"start":{"line":12,"column":0},"end":{"line":12,"column":1}},"13":{"start":{"line":14,"column":0},"end":{"line":14,"column":48}},"14":{"start":{"line":15,"column":0},"end":{"line":15,"column":16}},"15":{"start":{"line":16,"column":0},"end":{"line":16,"column":33}},"16":{"start":{"line":17,"column":0},"end":{"line":17,"column":36}},"17":{"start":{"line":18,"column":0},"end":{"line":18,"column":35}},"18":{"start":{"line":19,"column":0},"end":{"line":19,"column":35}},"19":{"start":{"line":20,"column":0},"end":{"line":20,"column":35}},"20":{"start":{"line":21,"column":0},"end":{"line":21,"column":5}},"21":{"start":{"line":22,"column":0},"end":{"line":22,"column":1}},"23":{"start":{"line":24,"column":0},"end":{"line":24,"column":48}},"24":{"start":{"line":25,"column":0},"end":{"line":25,"column":16}},"25":{"start":{"line":26,"column":0},"end":{"line":26,"column":33}},"26":{"start":{"line":27,"column":0},"end":{"line":27,"column":36}},"27":{"start":{"line":28,"column":0},"end":{"line":28,"column":35}},"28":{"start":{"line":29,"column":0},"end":{"line":29,"column":35}},"29":{"start":{"line":30,"column":0},"end":{"line":30,"column":34}},"30":{"start":{"line":31,"column":0},"end":{"line":31,"column":26}},"31":{"start":{"line":32,"column":0},"end":{"line":32,"column":5}},"32":{"start":{"line":33,"column":0},"end":{"line":33,"column":1}},"34":{"start":{"line":35,"column":0},"end":{"line":35,"column":50}},"35":{"start":{"line":36,"column":0},"end":{"line":36,"column":15}},"36":{"start":{"line":37,"column":0},"end":{"line":37,"column":31}},"37":{"start":{"line":38,"column":0},"end":{"line":38,"column":30}},"38":{"start":{"line":39,"column":0},"end":{"line":39,"column":30}},"39":{"start":{"line":40,"column":0},"end":{"line":40,"column":33}},"40":{"start":{"line":41,"column":0},"end":{"line":41,"column":1}},"42":{"start":{"line":43,"column":0},"end":{"line":43,"column":53}},"43":{"start":{"line":44,"column":0},"end":{"line":44,"column":9}},"44":{"start":{"line":45,"column":0},"end":{"line":45,"column":36}},"45":{"start":{"line":46,"column":0},"end":{"line":46,"column":47}},"46":{"start":{"line":47,"column":0},"end":{"line":47,"column":34}},"47":{"start":{"line":48,"column":0},"end":{"line":48,"column":13}},"48":{"start":{"line":49,"column":0},"end":{"line":49,"column":23}},"49":{"start":{"line":50,"column":0},"end":{"line":50,"column":5}},"50":{"start":{"line":51,"column":0},"end":{"line":51,"column":1}},"52":{"start":{"line":53,"column":0},"end":{"line":53,"column":58}},"53":{"start":{"line":54,"column":0},"end":{"line":54,"column":62}},"54":{"start":{"line":55,"column":0},"end":{"line":55,"column":40}},"55":{"start":{"line":56,"column":0},"end":{"line":56,"column":45}},"56":{"start":{"line":57,"column":0},"end":{"line":57,"column":47}},"57":{"start":{"line":58,"column":0},"end":{"line":58,"column":43}},"58":{"start":{"line":59,"column":0},"end":{"line":59,"column":43}},"59":{"start":{"line":60,"column":0},"end":{"line":60,"column":40}},"60":{"start":{"line":61,"column":0},"end":{"line":61,"column":41}},"61":{"start":{"line":62,"column":0},"end":{"line":62,"column":41}},"62":{"start":{"line":63,"column":0},"end":{"line":63,"column":46}},"63":{"start":{"line":64,"column":0},"end":{"line":64,"column":41}},"64":{"start":{"line":65,"column":0},"end":{"line":65,"column":27}},"65":{"start":{"line":66,"column":0},"end":{"line":66,"column":1}}},"s":{"0":1,"1":7,"2":19,"3":19,"4":19,"5":7,"6":7,"7":12,"8":12,"9":19,"10":7,"11":7,"13":1,"14":6,"15":6,"16":6,"17":6,"18":6,"19":6,"20":6,"21":6,"23":1,"24":6,"25":6,"26":6,"27":6,"28":6,"29":6,"30":6,"31":6,"32":6,"34":1,"35":6,"36":6,"37":6,"38":6,"39":6,"40":6,"42":1,"43":4,"44":4,"45":4,"46":2,"47":4,"48":0,"49":0,"50":4,"52":1,"53":9,"54":9,"55":7,"56":9,"57":5,"58":9,"59":4,"60":9,"61":2,"62":9,"63":1,"64":1,"65":1},"branchMap":{"0":{"type":"branch","line":1,"loc":{"start":{"line":1,"column":7},"end":{"line":12,"column":1}},"locations":[{"start":{"line":1,"column":7},"end":{"line":12,"column":1}}]},"1":{"type":"branch","line":2,"loc":{"start":{"line":2,"column":25},"end":{"line":11,"column":5}},"locations":[{"start":{"line":2,"column":25},"end":{"line":11,"column":5}}]},"2":{"type":"branch","line":5,"loc":{"start":{"line":5,"column":26},"end":{"line":5,"column":62}},"locations":[{"start":{"line":5,"column":26},"end":{"line":5,"column":62}}]},"3":{"type":"branch","line":5,"loc":{"start":{"line":5,"column":62},"end":{"line":7,"column":9}},"locations":[{"start":{"line":5,"column":62},"end":{"line":7,"column":9}}]},"4":{"type":"branch","line":6,"loc":{"start":{"line":6,"column":19},"end":{"line":6,"column":35}},"locations":[{"start":{"line":6,"column":19},"end":{"line":6,"column":35}}]},"5":{"type":"branch","line":6,"loc":{"start":{"line":6,"column":30},"end":{"line":6,"column":43}},"locations":[{"start":{"line":6,"column":30},"end":{"line":6,"column":43}}]},"6":{"type":"branch","line":7,"loc":{"start":{"line":7,"column":8},"end":{"line":10,"column":21}},"locations":[{"start":{"line":7,"column":8},"end":{"line":10,"column":21}}]},"7":{"type":"branch","line":10,"loc":{"start":{"line":10,"column":15},"end":{"line":10,"column":44}},"locations":[{"start":{"line":10,"column":15},"end":{"line":10,"column":44}}]},"8":{"type":"branch","line":10,"loc":{"start":{"line":10,"column":40},"end":{"line":10,"column":65}},"locations":[{"start":{"line":10,"column":40},"end":{"line":10,"column":65}}]},"9":{"type":"branch","line":14,"loc":{"start":{"line":14,"column":7},"end":{"line":22,"column":1}},"locations":[{"start":{"line":14,"column":7},"end":{"line":22,"column":1}}]},"10":{"type":"branch","line":16,"loc":{"start":{"line":16,"column":8},"end":{"line":16,"column":33}},"locations":[{"start":{"line":16,"column":8},"end":{"line":16,"column":33}}]},"11":{"type":"branch","line":17,"loc":{"start":{"line":17,"column":8},"end":{"line":17,"column":36}},"locations":[{"start":{"line":17,"column":8},"end":{"line":17,"column":36}}]},"12":{"type":"branch","line":18,"loc":{"start":{"line":18,"column":8},"end":{"line":18,"column":35}},"locations":[{"start":{"line":18,"column":8},"end":{"line":18,"column":35}}]},"13":{"type":"branch","line":19,"loc":{"start":{"line":19,"column":8},"end":{"line":19,"column":35}},"locations":[{"start":{"line":19,"column":8},"end":{"line":19,"column":35}}]},"14":{"type":"branch","line":20,"loc":{"start":{"line":20,"column":8},"end":{"line":20,"column":35}},"locations":[{"start":{"line":20,"column":8},"end":{"line":20,"column":35}}]},"15":{"type":"branch","line":24,"loc":{"start":{"line":24,"column":7},"end":{"line":33,"column":1}},"locations":[{"start":{"line":24,"column":7},"end":{"line":33,"column":1}}]},"16":{"type":"branch","line":26,"loc":{"start":{"line":26,"column":8},"end":{"line":26,"column":33}},"locations":[{"start":{"line":26,"column":8},"end":{"line":26,"column":33}}]},"17":{"type":"branch","line":27,"loc":{"start":{"line":27,"column":8},"end":{"line":27,"column":36}},"locations":[{"start":{"line":27,"column":8},"end":{"line":27,"column":36}}]},"18":{"type":"branch","line":28,"loc":{"start":{"line":28,"column":8},"end":{"line":28,"column":35}},"locations":[{"start":{"line":28,"column":8},"end":{"line":28,"column":35}}]},"19":{"type":"branch","line":29,"loc":{"start":{"line":29,"column":8},"end":{"line":29,"column":35}},"locations":[{"start":{"line":29,"column":8},"end":{"line":29,"column":35}}]},"20":{"type":"branch","line":30,"loc":{"start":{"line":30,"column":8},"end":{"line":30,"column":34}},"locations":[{"start":{"line":30,"column":8},"end":{"line":30,"column":34}}]},"21":{"type":"branch","line":31,"loc":{"start":{"line":31,"column":8},"end":{"line":31,"column":26}},"locations":[{"start":{"line":31,"column":8},"end":{"line":31,"column":26}}]},"22":{"type":"branch","line":35,"loc":{"start":{"line":35,"column":7},"end":{"line":41,"column":1}},"locations":[{"start":{"line":35,"column":7},"end":{"line":41,"column":1}}]},"23":{"type":"branch","line":43,"loc":{"start":{"line":43,"column":7},"end":{"line":51,"column":1}},"locations":[{"start":{"line":43,"column":7},"end":{"line":51,"column":1}}]},"24":{"type":"branch","line":46,"loc":{"start":{"line":46,"column":32},"end":{"line":48,"column":12}},"locations":[{"start":{"line":46,"column":32},"end":{"line":48,"column":12}}]},"25":{"type":"branch","line":48,"loc":{"start":{"line":48,"column":4},"end":{"line":50,"column":5}},"locations":[{"start":{"line":48,"column":4},"end":{"line":50,"column":5}}]},"26":{"type":"branch","line":53,"loc":{"start":{"line":53,"column":7},"end":{"line":66,"column":1}},"locations":[{"start":{"line":53,"column":7},"end":{"line":66,"column":1}}]},"27":{"type":"branch","line":55,"loc":{"start":{"line":55,"column":22},"end":{"line":55,"column":40}},"locations":[{"start":{"line":55,"column":22},"end":{"line":55,"column":40}}]},"28":{"type":"branch","line":55,"loc":{"start":{"line":55,"column":29},"end":{"line":57,"column":29}},"locations":[{"start":{"line":55,"column":29},"end":{"line":57,"column":29}}]},"29":{"type":"branch","line":57,"loc":{"start":{"line":57,"column":22},"end":{"line":57,"column":47}},"locations":[{"start":{"line":57,"column":22},"end":{"line":57,"column":47}}]},"30":{"type":"branch","line":57,"loc":{"start":{"line":57,"column":39},"end":{"line":59,"column":27}},"locations":[{"start":{"line":57,"column":39},"end":{"line":59,"column":27}}]},"31":{"type":"branch","line":59,"loc":{"start":{"line":59,"column":20},"end":{"line":59,"column":43}},"locations":[{"start":{"line":59,"column":20},"end":{"line":59,"column":43}}]},"32":{"type":"branch","line":59,"loc":{"start":{"line":59,"column":35},"end":{"line":61,"column":26}},"locations":[{"start":{"line":59,"column":35},"end":{"line":61,"column":26}}]},"33":{"type":"branch","line":61,"loc":{"start":{"line":61,"column":19},"end":{"line":63,"column":28}},"locations":[{"start":{"line":61,"column":19},"end":{"line":63,"column":28}}]},"34":{"type":"branch","line":63,"loc":{"start":{"line":63,"column":21},"end":{"line":66,"column":1}},"locations":[{"start":{"line":63,"column":21},"end":{"line":66,"column":1}}]}},"b":{"0":[7],"1":[19],"2":[7],"3":[7],"4":[3],"5":[4],"6":[12],"7":[8],"8":[4],"9":[6],"10":[1],"11":[1],"12":[1],"13":[1],"14":[2],"15":[6],"16":[1],"17":[1],"18":[1],"19":[1],"20":[1],"21":[1],"22":[6],"23":[4],"24":[2],"25":[0],"26":[9],"27":[2],"28":[7],"29":[2],"30":[5],"31":[1],"32":[4],"33":[2],"34":[1]},"fnMap":{"0":{"name":"sortArray","decl":{"start":{"line":1,"column":7},"end":{"line":12,"column":1}},"loc":{"start":{"line":1,"column":7},"end":{"line":12,"column":1}},"line":1},"1":{"name":"statusClass","decl":{"start":{"line":14,"column":7},"end":{"line":22,"column":1}},"loc":{"start":{"line":14,"column":7},"end":{"line":22,"column":1}},"line":14},"2":{"name":"statusLabel","decl":{"start":{"line":24,"column":7},"end":{"line":33,"column":1}},"loc":{"start":{"line":24,"column":7},"end":{"line":33,"column":1}},"line":24},"3":{"name":"escapeHtml","decl":{"start":{"line":35,"column":7},"end":{"line":41,"column":1}},"loc":{"start":{"line":35,"column":7},"end":{"line":41,"column":1}},"line":35},"4":{"name":"formatDate","decl":{"start":{"line":43,"column":7},"end":{"line":51,"column":1}},"loc":{"start":{"line":43,"column":7},"end":{"line":51,"column":1}},"line":43},"5":{"name":"formatTimeAgo","decl":{"start":{"line":53,"column":7},"end":{"line":66,"column":1}},"loc":{"start":{"line":53,"column":7},"end":{"line":66,"column":1}},"line":53}},"f":{"0":7,"1":6,"2":6,"3":6,"4":4,"5":9}}
}
